<?xml version="1.0" encoding="UTF-8"?>
<robot generator="Robot 7.0 (Python 3.12.2 on win32)" generated="2024-02-21T14:18:23.438027" rpa="false" schemaversion="5">
<suite id="s1" name="Heroku" source="C:\dev\robot-scripts\herokuapp\Tests\Heroku.robot">
<test id="s1-t1" name="Add Remove Elements Page" line="15">
<kw name="Start Web Test" owner="Common" type="SETUP">
<kw name="Open Browser" owner="SeleniumLibrary">
<msg time="2024-02-21T14:18:24.827578" level="INFO">Opening browser 'edge' to base url 'about:blank'.</msg>
<arg>about:blank</arg>
<arg>${BROWSER}</arg>
<doc>Opens a new browser instance to the optional ``url``.</doc>
<status status="PASS" start="2024-02-21T14:18:24.827578" elapsed="2.536742"/>
</kw>
<kw name="Maximize Browser Window" owner="SeleniumLibrary">
<doc>Maximizes current browser window.</doc>
<status status="PASS" start="2024-02-21T14:18:27.364320" elapsed="0.114692"/>
</kw>
<kw name="Go To" owner="SeleniumLibrary">
<msg time="2024-02-21T14:18:27.480011" level="INFO">Opening url 'https://the-internet.herokuapp.com/'</msg>
<arg>${URL}</arg>
<doc>Navigates the current browser window to the provided ``url``.</doc>
<status status="PASS" start="2024-02-21T14:18:27.480011" elapsed="1.181442"/>
</kw>
<status status="PASS" start="2024-02-21T14:18:24.826551" elapsed="3.834902"/>
</kw>
<kw name="Validate Page loaded" owner="Common">
<kw name="Wait Until Page Contains" owner="SeleniumLibrary">
<arg>${expected}</arg>
<arg>10s</arg>
<doc>Waits until ``text`` appears on the current page.</doc>
<status status="PASS" start="2024-02-21T14:18:28.662475" elapsed="0.011943"/>
</kw>
<arg>${LandingPageTitle}</arg>
<status status="PASS" start="2024-02-21T14:18:28.661453" elapsed="0.012965"/>
</kw>
<kw name="Select Test Link" owner="Herokuapp">
<kw name="Click on Element" owner="Common">
<for flavor="IN RANGE">
<iter>
<kw name="Click Element" owner="SeleniumLibrary">
<msg time="2024-02-21T14:18:28.675809" level="INFO">Clicking element 'xpath=//*[@id="content"]/ul/li[2]/a'.</msg>
<arg>${Element}</arg>
<doc>Click the element identified by ``locator``.</doc>
<status status="PASS" start="2024-02-21T14:18:28.675809" elapsed="0.178001"/>
</kw>
<var name="${i}">0</var>
<status status="PASS" start="2024-02-21T14:18:28.675809" elapsed="0.178001"/>
</iter>
<var>${i}</var>
<value>${Repetitions}</value>
<status status="PASS" start="2024-02-21T14:18:28.674808" elapsed="0.179002"/>
</for>
<arg>${TestLink}</arg>
<status status="PASS" start="2024-02-21T14:18:28.674808" elapsed="0.179002"/>
</kw>
<arg>${AddRemoveElements}</arg>
<status status="PASS" start="2024-02-21T14:18:28.674808" elapsed="0.179002"/>
</kw>
<kw name="Validate Page loaded" owner="Common">
<kw name="Wait Until Page Contains" owner="SeleniumLibrary">
<arg>${expected}</arg>
<arg>10s</arg>
<doc>Waits until ``text`` appears on the current page.</doc>
<status status="PASS" start="2024-02-21T14:18:28.854809" elapsed="0.009973"/>
</kw>
<arg>${AddRemovePage}</arg>
<status status="PASS" start="2024-02-21T14:18:28.854809" elapsed="0.009973"/>
</kw>
<kw name="Add Elements" owner="Herokuapp">
<kw name="Click on Element" owner="Common">
<for flavor="IN RANGE">
<iter>
<kw name="Click Element" owner="SeleniumLibrary">
<msg time="2024-02-21T14:18:28.866805" level="INFO">Clicking element 'xpath=//*[@id="content"]/div/button'.</msg>
<arg>${Element}</arg>
<doc>Click the element identified by ``locator``.</doc>
<status status="PASS" start="2024-02-21T14:18:28.866805" elapsed="0.038319"/>
</kw>
<var name="${i}">0</var>
<status status="PASS" start="2024-02-21T14:18:28.866805" elapsed="0.038319"/>
</iter>
<iter>
<kw name="Click Element" owner="SeleniumLibrary">
<msg time="2024-02-21T14:18:28.906147" level="INFO">Clicking element 'xpath=//*[@id="content"]/div/button'.</msg>
<arg>${Element}</arg>
<doc>Click the element identified by ``locator``.</doc>
<status status="PASS" start="2024-02-21T14:18:28.906147" elapsed="0.026451"/>
</kw>
<var name="${i}">1</var>
<status status="PASS" start="2024-02-21T14:18:28.906147" elapsed="0.026451"/>
</iter>
<iter>
<kw name="Click Element" owner="SeleniumLibrary">
<msg time="2024-02-21T14:18:28.932598" level="INFO">Clicking element 'xpath=//*[@id="content"]/div/button'.</msg>
<arg>${Element}</arg>
<doc>Click the element identified by ``locator``.</doc>
<status status="PASS" start="2024-02-21T14:18:28.932598" elapsed="0.025169"/>
</kw>
<var name="${i}">2</var>
<status status="PASS" start="2024-02-21T14:18:28.932598" elapsed="0.025169"/>
</iter>
<iter>
<kw name="Click Element" owner="SeleniumLibrary">
<msg time="2024-02-21T14:18:28.957767" level="INFO">Clicking element 'xpath=//*[@id="content"]/div/button'.</msg>
<arg>${Element}</arg>
<doc>Click the element identified by ``locator``.</doc>
<status status="PASS" start="2024-02-21T14:18:28.957767" elapsed="0.027183"/>
</kw>
<var name="${i}">3</var>
<status status="PASS" start="2024-02-21T14:18:28.957767" elapsed="0.027183"/>
</iter>
<iter>
<kw name="Click Element" owner="SeleniumLibrary">
<msg time="2024-02-21T14:18:28.985972" level="INFO">Clicking element 'xpath=//*[@id="content"]/div/button'.</msg>
<arg>${Element}</arg>
<doc>Click the element identified by ``locator``.</doc>
<status status="PASS" start="2024-02-21T14:18:28.985972" elapsed="0.024055"/>
</kw>
<var name="${i}">4</var>
<status status="PASS" start="2024-02-21T14:18:28.985972" elapsed="0.024055"/>
</iter>
<iter>
<kw name="Click Element" owner="SeleniumLibrary">
<msg time="2024-02-21T14:18:29.011050" level="INFO">Clicking element 'xpath=//*[@id="content"]/div/button'.</msg>
<arg>${Element}</arg>
<doc>Click the element identified by ``locator``.</doc>
<status status="PASS" start="2024-02-21T14:18:29.011050" elapsed="0.023738"/>
</kw>
<var name="${i}">5</var>
<status status="PASS" start="2024-02-21T14:18:29.011050" elapsed="0.023738"/>
</iter>
<iter>
<kw name="Click Element" owner="SeleniumLibrary">
<msg time="2024-02-21T14:18:29.035787" level="INFO">Clicking element 'xpath=//*[@id="content"]/div/button'.</msg>
<arg>${Element}</arg>
<doc>Click the element identified by ``locator``.</doc>
<status status="PASS" start="2024-02-21T14:18:29.035787" elapsed="0.022468"/>
</kw>
<var name="${i}">6</var>
<status status="PASS" start="2024-02-21T14:18:29.035787" elapsed="0.022468"/>
</iter>
<iter>
<kw name="Click Element" owner="SeleniumLibrary">
<msg time="2024-02-21T14:18:29.059286" level="INFO">Clicking element 'xpath=//*[@id="content"]/div/button'.</msg>
<arg>${Element}</arg>
<doc>Click the element identified by ``locator``.</doc>
<status status="PASS" start="2024-02-21T14:18:29.059286" elapsed="0.021912"/>
</kw>
<var name="${i}">7</var>
<status status="PASS" start="2024-02-21T14:18:29.058255" elapsed="0.022943"/>
</iter>
<iter>
<kw name="Click Element" owner="SeleniumLibrary">
<msg time="2024-02-21T14:18:29.081198" level="INFO">Clicking element 'xpath=//*[@id="content"]/div/button'.</msg>
<arg>${Element}</arg>
<doc>Click the element identified by ``locator``.</doc>
<status status="PASS" start="2024-02-21T14:18:29.081198" elapsed="0.022918"/>
</kw>
<var name="${i}">8</var>
<status status="PASS" start="2024-02-21T14:18:29.081198" elapsed="0.022918"/>
</iter>
<iter>
<kw name="Click Element" owner="SeleniumLibrary">
<msg time="2024-02-21T14:18:29.105113" level="INFO">Clicking element 'xpath=//*[@id="content"]/div/button'.</msg>
<arg>${Element}</arg>
<doc>Click the element identified by ``locator``.</doc>
<status status="PASS" start="2024-02-21T14:18:29.104116" elapsed="0.023576"/>
</kw>
<var name="${i}">9</var>
<status status="PASS" start="2024-02-21T14:18:29.104116" elapsed="0.023576"/>
</iter>
<iter>
<kw name="Click Element" owner="SeleniumLibrary">
<msg time="2024-02-21T14:18:29.128690" level="INFO">Clicking element 'xpath=//*[@id="content"]/div/button'.</msg>
<arg>${Element}</arg>
<doc>Click the element identified by ``locator``.</doc>
<status status="PASS" start="2024-02-21T14:18:29.127692" elapsed="0.023768"/>
</kw>
<var name="${i}">10</var>
<status status="PASS" start="2024-02-21T14:18:29.127692" elapsed="0.023768"/>
</iter>
<iter>
<kw name="Click Element" owner="SeleniumLibrary">
<msg time="2024-02-21T14:18:29.152455" level="INFO">Clicking element 'xpath=//*[@id="content"]/div/button'.</msg>
<arg>${Element}</arg>
<doc>Click the element identified by ``locator``.</doc>
<status status="PASS" start="2024-02-21T14:18:29.152455" elapsed="0.022910"/>
</kw>
<var name="${i}">11</var>
<status status="PASS" start="2024-02-21T14:18:29.152455" elapsed="0.022910"/>
</iter>
<iter>
<kw name="Click Element" owner="SeleniumLibrary">
<msg time="2024-02-21T14:18:29.175365" level="INFO">Clicking element 'xpath=//*[@id="content"]/div/button'.</msg>
<arg>${Element}</arg>
<doc>Click the element identified by ``locator``.</doc>
<status status="PASS" start="2024-02-21T14:18:29.175365" elapsed="0.024562"/>
</kw>
<var name="${i}">12</var>
<status status="PASS" start="2024-02-21T14:18:29.175365" elapsed="0.024562"/>
</iter>
<iter>
<kw name="Click Element" owner="SeleniumLibrary">
<msg time="2024-02-21T14:18:29.199927" level="INFO">Clicking element 'xpath=//*[@id="content"]/div/button'.</msg>
<arg>${Element}</arg>
<doc>Click the element identified by ``locator``.</doc>
<status status="PASS" start="2024-02-21T14:18:29.199927" elapsed="0.023663"/>
</kw>
<var name="${i}">13</var>
<status status="PASS" start="2024-02-21T14:18:29.199927" elapsed="0.023663"/>
</iter>
<iter>
<kw name="Click Element" owner="SeleniumLibrary">
<msg time="2024-02-21T14:18:29.224587" level="INFO">Clicking element 'xpath=//*[@id="content"]/div/button'.</msg>
<arg>${Element}</arg>
<doc>Click the element identified by ``locator``.</doc>
<status status="PASS" start="2024-02-21T14:18:29.223590" elapsed="0.024584"/>
</kw>
<var name="${i}">14</var>
<status status="PASS" start="2024-02-21T14:18:29.223590" elapsed="0.025581"/>
</iter>
<iter>
<kw name="Click Element" owner="SeleniumLibrary">
<msg time="2024-02-21T14:18:29.249171" level="INFO">Clicking element 'xpath=//*[@id="content"]/div/button'.</msg>
<arg>${Element}</arg>
<doc>Click the element identified by ``locator``.</doc>
<status status="PASS" start="2024-02-21T14:18:29.249171" elapsed="0.023003"/>
</kw>
<var name="${i}">15</var>
<status status="PASS" start="2024-02-21T14:18:29.249171" elapsed="0.023003"/>
</iter>
<iter>
<kw name="Click Element" owner="SeleniumLibrary">
<msg time="2024-02-21T14:18:29.273171" level="INFO">Clicking element 'xpath=//*[@id="content"]/div/button'.</msg>
<arg>${Element}</arg>
<doc>Click the element identified by ``locator``.</doc>
<status status="PASS" start="2024-02-21T14:18:29.272174" elapsed="0.022953"/>
</kw>
<var name="${i}">16</var>
<status status="PASS" start="2024-02-21T14:18:29.272174" elapsed="0.022953"/>
</iter>
<iter>
<kw name="Click Element" owner="SeleniumLibrary">
<msg time="2024-02-21T14:18:29.296136" level="INFO">Clicking element 'xpath=//*[@id="content"]/div/button'.</msg>
<arg>${Element}</arg>
<doc>Click the element identified by ``locator``.</doc>
<status status="PASS" start="2024-02-21T14:18:29.296136" elapsed="0.023255"/>
</kw>
<var name="${i}">17</var>
<status status="PASS" start="2024-02-21T14:18:29.295127" elapsed="0.024264"/>
</iter>
<iter>
<kw name="Click Element" owner="SeleniumLibrary">
<msg time="2024-02-21T14:18:29.319391" level="INFO">Clicking element 'xpath=//*[@id="content"]/div/button'.</msg>
<arg>${Element}</arg>
<doc>Click the element identified by ``locator``.</doc>
<status status="PASS" start="2024-02-21T14:18:29.319391" elapsed="0.022682"/>
</kw>
<var name="${i}">18</var>
<status status="PASS" start="2024-02-21T14:18:29.319391" elapsed="0.022682"/>
</iter>
<iter>
<kw name="Click Element" owner="SeleniumLibrary">
<msg time="2024-02-21T14:18:29.343071" level="INFO">Clicking element 'xpath=//*[@id="content"]/div/button'.</msg>
<arg>${Element}</arg>
<doc>Click the element identified by ``locator``.</doc>
<status status="PASS" start="2024-02-21T14:18:29.342073" elapsed="0.023937"/>
</kw>
<var name="${i}">19</var>
<status status="PASS" start="2024-02-21T14:18:29.342073" elapsed="0.023937"/>
</iter>
<var>${i}</var>
<value>${Repetitions}</value>
<status status="PASS" start="2024-02-21T14:18:28.865779" elapsed="0.500231"/>
</for>
<arg>${AddElementButton}</arg>
<arg>${times}</arg>
<status status="PASS" start="2024-02-21T14:18:28.865779" elapsed="0.500231"/>
</kw>
<arg>${NumberOfElements}</arg>
<status status="PASS" start="2024-02-21T14:18:28.865779" elapsed="0.500231"/>
</kw>
<kw name="Count Elements Added" owner="Herokuapp">
<kw name="Count Elements" owner="AddRemove">
<kw name="Get Element Count" owner="SeleniumLibrary">
<msg time="2024-02-21T14:18:29.376573" level="INFO">${count} = 20</msg>
<var>${count}</var>
<arg>${DeleteElements}</arg>
<doc>Returns the number of elements matching ``locator``.</doc>
<status status="PASS" start="2024-02-21T14:18:29.367006" elapsed="0.009567"/>
</kw>
<return>
<value>${count}</value>
<status status="PASS" start="2024-02-21T14:18:29.376573" elapsed="0.000000"/>
</return>
<arg>${Expected}</arg>
<status status="PASS" start="2024-02-21T14:18:29.367006" elapsed="0.009567"/>
</kw>
<arg>${NumberOfElements}</arg>
<status status="PASS" start="2024-02-21T14:18:29.367006" elapsed="0.009567"/>
</kw>
<kw name="Delete Elements" owner="Herokuapp">
<kw name="Count Elements" owner="AddRemove">
<kw name="Get Element Count" owner="SeleniumLibrary">
<msg time="2024-02-21T14:18:29.386089" level="INFO">${count} = 20</msg>
<var>${count}</var>
<arg>${DeleteElements}</arg>
<doc>Returns the number of elements matching ``locator``.</doc>
<status status="PASS" start="2024-02-21T14:18:29.377605" elapsed="0.008484"/>
</kw>
<return>
<value>${count}</value>
<status status="PASS" start="2024-02-21T14:18:29.386089" elapsed="0.000000"/>
</return>
<msg time="2024-02-21T14:18:29.386089" level="INFO">${times} = 20</msg>
<var>${times}</var>
<status status="PASS" start="2024-02-21T14:18:29.377605" elapsed="0.008484"/>
</kw>
<kw name="Click on Element" owner="Common">
<for flavor="IN RANGE">
<iter>
<kw name="Click Element" owner="SeleniumLibrary">
<msg time="2024-02-21T14:18:29.387088" level="INFO">Clicking element 'xpath=//*[@id="elements"]/button'.</msg>
<arg>${Element}</arg>
<doc>Click the element identified by ``locator``.</doc>
<status status="PASS" start="2024-02-21T14:18:29.387088" elapsed="0.031181"/>
</kw>
<var name="${i}">0</var>
<status status="PASS" start="2024-02-21T14:18:29.387088" elapsed="0.031181"/>
</iter>
<iter>
<kw name="Click Element" owner="SeleniumLibrary">
<msg time="2024-02-21T14:18:29.418269" level="INFO">Clicking element 'xpath=//*[@id="elements"]/button'.</msg>
<arg>${Element}</arg>
<doc>Click the element identified by ``locator``.</doc>
<status status="PASS" start="2024-02-21T14:18:29.418269" elapsed="0.024794"/>
</kw>
<var name="${i}">1</var>
<status status="PASS" start="2024-02-21T14:18:29.418269" elapsed="0.025792"/>
</iter>
<iter>
<kw name="Click Element" owner="SeleniumLibrary">
<msg time="2024-02-21T14:18:29.444061" level="INFO">Clicking element 'xpath=//*[@id="elements"]/button'.</msg>
<arg>${Element}</arg>
<doc>Click the element identified by ``locator``.</doc>
<status status="PASS" start="2024-02-21T14:18:29.444061" elapsed="0.024667"/>
</kw>
<var name="${i}">2</var>
<status status="PASS" start="2024-02-21T14:18:29.444061" elapsed="0.024667"/>
</iter>
<iter>
<kw name="Click Element" owner="SeleniumLibrary">
<msg time="2024-02-21T14:18:29.469754" level="INFO">Clicking element 'xpath=//*[@id="elements"]/button'.</msg>
<arg>${Element}</arg>
<doc>Click the element identified by ``locator``.</doc>
<status status="PASS" start="2024-02-21T14:18:29.469754" elapsed="0.023907"/>
</kw>
<var name="${i}">3</var>
<status status="PASS" start="2024-02-21T14:18:29.468728" elapsed="0.024933"/>
</iter>
<iter>
<kw name="Click Element" owner="SeleniumLibrary">
<msg time="2024-02-21T14:18:29.493661" level="INFO">Clicking element 'xpath=//*[@id="elements"]/button'.</msg>
<arg>${Element}</arg>
<doc>Click the element identified by ``locator``.</doc>
<status status="PASS" start="2024-02-21T14:18:29.493661" elapsed="0.026530"/>
</kw>
<var name="${i}">4</var>
<status status="PASS" start="2024-02-21T14:18:29.493661" elapsed="0.027556"/>
</iter>
<iter>
<kw name="Click Element" owner="SeleniumLibrary">
<msg time="2024-02-21T14:18:29.521217" level="INFO">Clicking element 'xpath=//*[@id="elements"]/button'.</msg>
<arg>${Element}</arg>
<doc>Click the element identified by ``locator``.</doc>
<status status="PASS" start="2024-02-21T14:18:29.521217" elapsed="0.024952"/>
</kw>
<var name="${i}">5</var>
<status status="PASS" start="2024-02-21T14:18:29.521217" elapsed="0.024952"/>
</iter>
<iter>
<kw name="Click Element" owner="SeleniumLibrary">
<msg time="2024-02-21T14:18:29.547190" level="INFO">Clicking element 'xpath=//*[@id="elements"]/button'.</msg>
<arg>${Element}</arg>
<doc>Click the element identified by ``locator``.</doc>
<status status="PASS" start="2024-02-21T14:18:29.547190" elapsed="0.024116"/>
</kw>
<var name="${i}">6</var>
<status status="PASS" start="2024-02-21T14:18:29.546169" elapsed="0.025137"/>
</iter>
<iter>
<kw name="Click Element" owner="SeleniumLibrary">
<msg time="2024-02-21T14:18:29.572337" level="INFO">Clicking element 'xpath=//*[@id="elements"]/button'.</msg>
<arg>${Element}</arg>
<doc>Click the element identified by ``locator``.</doc>
<status status="PASS" start="2024-02-21T14:18:29.572337" elapsed="0.026124"/>
</kw>
<var name="${i}">7</var>
<status status="PASS" start="2024-02-21T14:18:29.571306" elapsed="0.027155"/>
</iter>
<iter>
<kw name="Click Element" owner="SeleniumLibrary">
<msg time="2024-02-21T14:18:29.599460" level="INFO">Clicking element 'xpath=//*[@id="elements"]/button'.</msg>
<arg>${Element}</arg>
<doc>Click the element identified by ``locator``.</doc>
<status status="PASS" start="2024-02-21T14:18:29.598461" elapsed="0.026506"/>
</kw>
<var name="${i}">8</var>
<status status="PASS" start="2024-02-21T14:18:29.598461" elapsed="0.026506"/>
</iter>
<iter>
<kw name="Click Element" owner="SeleniumLibrary">
<msg time="2024-02-21T14:18:29.625990" level="INFO">Clicking element 'xpath=//*[@id="elements"]/button'.</msg>
<arg>${Element}</arg>
<doc>Click the element identified by ``locator``.</doc>
<status status="PASS" start="2024-02-21T14:18:29.624967" elapsed="0.025701"/>
</kw>
<var name="${i}">9</var>
<status status="PASS" start="2024-02-21T14:18:29.624967" elapsed="0.025701"/>
</iter>
<iter>
<kw name="Click Element" owner="SeleniumLibrary">
<msg time="2024-02-21T14:18:29.650668" level="INFO">Clicking element 'xpath=//*[@id="elements"]/button'.</msg>
<arg>${Element}</arg>
<doc>Click the element identified by ``locator``.</doc>
<status status="PASS" start="2024-02-21T14:18:29.650668" elapsed="0.023675"/>
</kw>
<var name="${i}">10</var>
<status status="PASS" start="2024-02-21T14:18:29.650668" elapsed="0.023675"/>
</iter>
<iter>
<kw name="Click Element" owner="SeleniumLibrary">
<msg time="2024-02-21T14:18:29.675373" level="INFO">Clicking element 'xpath=//*[@id="elements"]/button'.</msg>
<arg>${Element}</arg>
<doc>Click the element identified by ``locator``.</doc>
<status status="PASS" start="2024-02-21T14:18:29.674343" elapsed="0.025570"/>
</kw>
<var name="${i}">11</var>
<status status="PASS" start="2024-02-21T14:18:29.674343" elapsed="0.025570"/>
</iter>
<iter>
<kw name="Click Element" owner="SeleniumLibrary">
<msg time="2024-02-21T14:18:29.700943" level="INFO">Clicking element 'xpath=//*[@id="elements"]/button'.</msg>
<arg>${Element}</arg>
<doc>Click the element identified by ``locator``.</doc>
<status status="PASS" start="2024-02-21T14:18:29.700943" elapsed="0.023169"/>
</kw>
<var name="${i}">12</var>
<status status="PASS" start="2024-02-21T14:18:29.699913" elapsed="0.024199"/>
</iter>
<iter>
<kw name="Click Element" owner="SeleniumLibrary">
<msg time="2024-02-21T14:18:29.725117" level="INFO">Clicking element 'xpath=//*[@id="elements"]/button'.</msg>
<arg>${Element}</arg>
<doc>Click the element identified by ``locator``.</doc>
<status status="PASS" start="2024-02-21T14:18:29.725117" elapsed="0.022826"/>
</kw>
<var name="${i}">13</var>
<status status="PASS" start="2024-02-21T14:18:29.725117" elapsed="0.022826"/>
</iter>
<iter>
<kw name="Click Element" owner="SeleniumLibrary">
<msg time="2024-02-21T14:18:29.747943" level="INFO">Clicking element 'xpath=//*[@id="elements"]/button'.</msg>
<arg>${Element}</arg>
<doc>Click the element identified by ``locator``.</doc>
<status status="PASS" start="2024-02-21T14:18:29.747943" elapsed="0.024061"/>
</kw>
<var name="${i}">14</var>
<status status="PASS" start="2024-02-21T14:18:29.747943" elapsed="0.024061"/>
</iter>
<iter>
<kw name="Click Element" owner="SeleniumLibrary">
<msg time="2024-02-21T14:18:29.773006" level="INFO">Clicking element 'xpath=//*[@id="elements"]/button'.</msg>
<arg>${Element}</arg>
<doc>Click the element identified by ``locator``.</doc>
<status status="PASS" start="2024-02-21T14:18:29.773006" elapsed="0.023486"/>
</kw>
<var name="${i}">15</var>
<status status="PASS" start="2024-02-21T14:18:29.772004" elapsed="0.024488"/>
</iter>
<iter>
<kw name="Click Element" owner="SeleniumLibrary">
<msg time="2024-02-21T14:18:29.797521" level="INFO">Clicking element 'xpath=//*[@id="elements"]/button'.</msg>
<arg>${Element}</arg>
<doc>Click the element identified by ``locator``.</doc>
<status status="PASS" start="2024-02-21T14:18:29.797521" elapsed="0.023383"/>
</kw>
<var name="${i}">16</var>
<status status="PASS" start="2024-02-21T14:18:29.796492" elapsed="0.024412"/>
</iter>
<iter>
<kw name="Click Element" owner="SeleniumLibrary">
<msg time="2024-02-21T14:18:29.820904" level="INFO">Clicking element 'xpath=//*[@id="elements"]/button'.</msg>
<arg>${Element}</arg>
<doc>Click the element identified by ``locator``.</doc>
<status status="PASS" start="2024-02-21T14:18:29.820904" elapsed="0.023729"/>
</kw>
<var name="${i}">17</var>
<status status="PASS" start="2024-02-21T14:18:29.820904" elapsed="0.023729"/>
</iter>
<iter>
<kw name="Click Element" owner="SeleniumLibrary">
<msg time="2024-02-21T14:18:29.844633" level="INFO">Clicking element 'xpath=//*[@id="elements"]/button'.</msg>
<arg>${Element}</arg>
<doc>Click the element identified by ``locator``.</doc>
<status status="PASS" start="2024-02-21T14:18:29.844633" elapsed="0.023558"/>
</kw>
<var name="${i}">18</var>
<status status="PASS" start="2024-02-21T14:18:29.844633" elapsed="0.023558"/>
</iter>
<iter>
<kw name="Click Element" owner="SeleniumLibrary">
<msg time="2024-02-21T14:18:29.868191" level="INFO">Clicking element 'xpath=//*[@id="elements"]/button'.</msg>
<arg>${Element}</arg>
<doc>Click the element identified by ``locator``.</doc>
<status status="PASS" start="2024-02-21T14:18:29.868191" elapsed="0.024382"/>
</kw>
<var name="${i}">19</var>
<status status="PASS" start="2024-02-21T14:18:29.868191" elapsed="0.024382"/>
</iter>
<var>${i}</var>
<value>${Repetitions}</value>
<status status="PASS" start="2024-02-21T14:18:29.387088" elapsed="0.505485"/>
</for>
<arg>${DeleteElements}</arg>
<arg>${times}</arg>
<status status="PASS" start="2024-02-21T14:18:29.386089" elapsed="0.506484"/>
</kw>
<status status="PASS" start="2024-02-21T14:18:29.377605" elapsed="0.514968"/>
</kw>
<kw name="Count Elements Added" owner="Herokuapp">
<kw name="Count Elements" owner="AddRemove">
<kw name="Get Element Count" owner="SeleniumLibrary">
<msg time="2024-02-21T14:18:29.900078" level="INFO">${count} = 0</msg>
<var>${count}</var>
<arg>${DeleteElements}</arg>
<doc>Returns the number of elements matching ``locator``.</doc>
<status status="PASS" start="2024-02-21T14:18:29.893570" elapsed="0.006508"/>
</kw>
<return>
<value>${count}</value>
<status status="PASS" start="2024-02-21T14:18:29.900078" elapsed="0.000000"/>
</return>
<arg>${Expected}</arg>
<status status="PASS" start="2024-02-21T14:18:29.893570" elapsed="0.006508"/>
</kw>
<arg>0</arg>
<status status="PASS" start="2024-02-21T14:18:29.893570" elapsed="0.006508"/>
</kw>
<kw name="End Web Test" owner="Common" type="TEARDOWN">
<kw name="Close Browser" owner="SeleniumLibrary">
<doc>Closes the current browser.</doc>
<status status="PASS" start="2024-02-21T14:18:29.901103" elapsed="2.214243"/>
</kw>
<status status="PASS" start="2024-02-21T14:18:29.901103" elapsed="2.215252"/>
</kw>
<doc>This test Adds a new item</doc>
<tag>1001</tag>
<tag>AddRemove</tag>
<tag>Functional</tag>
<status status="PASS" start="2024-02-21T14:18:24.824556" elapsed="7.293788"/>
</test>
<test id="s1-t2" name="Broken Images" line="26">
<kw name="Start Web Test" owner="Common" type="SETUP">
<kw name="Open Browser" owner="SeleniumLibrary">
<msg time="2024-02-21T14:18:32.161848" level="INFO">Opening browser 'edge' to base url 'about:blank'.</msg>
<arg>about:blank</arg>
<arg>${BROWSER}</arg>
<doc>Opens a new browser instance to the optional ``url``.</doc>
<status status="PASS" start="2024-02-21T14:18:32.161848" elapsed="1.641649"/>
</kw>
<kw name="Maximize Browser Window" owner="SeleniumLibrary">
<doc>Maximizes current browser window.</doc>
<status status="PASS" start="2024-02-21T14:18:33.803497" elapsed="0.113879"/>
</kw>
<kw name="Go To" owner="SeleniumLibrary">
<msg time="2024-02-21T14:18:33.919354" level="INFO">Opening url 'https://the-internet.herokuapp.com/'</msg>
<arg>${URL}</arg>
<doc>Navigates the current browser window to the provided ``url``.</doc>
<status status="PASS" start="2024-02-21T14:18:33.918372" elapsed="1.153689"/>
</kw>
<status status="PASS" start="2024-02-21T14:18:32.161848" elapsed="2.910213"/>
</kw>
<kw name="Validate Page loaded" owner="Common">
<kw name="Wait Until Page Contains" owner="SeleniumLibrary">
<arg>${expected}</arg>
<arg>10s</arg>
<doc>Waits until ``text`` appears on the current page.</doc>
<status status="PASS" start="2024-02-21T14:18:35.073057" elapsed="0.012661"/>
</kw>
<arg>${LandingPageTitle}</arg>
<status status="PASS" start="2024-02-21T14:18:35.073057" elapsed="0.012661"/>
</kw>
<kw name="Select Test Link" owner="Herokuapp">
<kw name="Click on Element" owner="Common">
<for flavor="IN RANGE">
<iter>
<kw name="Click Element" owner="SeleniumLibrary">
<msg time="2024-02-21T14:18:35.087526" level="INFO">Clicking element 'xpath=//*[@id="content"]/ul/li[4]/a'.</msg>
<arg>${Element}</arg>
<doc>Click the element identified by ``locator``.</doc>
<status status="PASS" start="2024-02-21T14:18:35.086527" elapsed="0.274491"/>
</kw>
<var name="${i}">0</var>
<status status="PASS" start="2024-02-21T14:18:35.086527" elapsed="0.274491"/>
</iter>
<var>${i}</var>
<value>${Repetitions}</value>
<status status="PASS" start="2024-02-21T14:18:35.086527" elapsed="0.274491"/>
</for>
<arg>${TestLink}</arg>
<status status="PASS" start="2024-02-21T14:18:35.086527" elapsed="0.274491"/>
</kw>
<arg>${BrokenImages}</arg>
<status status="PASS" start="2024-02-21T14:18:35.086527" elapsed="0.274491"/>
</kw>
<kw name="Validate Page loaded" owner="Common">
<kw name="Wait Until Page Contains" owner="SeleniumLibrary">
<arg>${expected}</arg>
<arg>10s</arg>
<doc>Waits until ``text`` appears on the current page.</doc>
<status status="PASS" start="2024-02-21T14:18:35.362014" elapsed="0.011005"/>
</kw>
<arg>${BrokenImagesTitle}</arg>
<status status="PASS" start="2024-02-21T14:18:35.362014" elapsed="0.011005"/>
</kw>
<kw name="Validate Broken Images" owner="Herokuapp">
<kw name="Validate Broken Images" owner="BrokenImages">
<kw name="Get WebElements" owner="SeleniumLibrary">
<msg time="2024-02-21T14:18:35.383974" level="INFO">@{images} = [ &lt;selenium.webdriver.remote.webelement.WebElement (session="895a78ea9a176bc3aad86d1bd66dbf29", element="E6455841C66167D7D2C66C11B112BC56_element_20")&gt; | &lt;selenium.webdriver.remote.webelement.WebEleme...</msg>
<var>@{images}</var>
<arg>${BrokenImageContainer}//img</arg>
<doc>Returns a list of WebElement objects matching the ``locator``.</doc>
<status status="PASS" start="2024-02-21T14:18:35.374013" elapsed="0.009961"/>
</kw>
<for flavor="IN">
<iter>
<kw name="Get Element Attribute" owner="SeleniumLibrary">
<msg time="2024-02-21T14:18:35.392822" level="INFO">${imageSrc} = https://the-internet.herokuapp.com/asdf.jpg</msg>
<var>${imageSrc}</var>
<arg>${image}</arg>
<arg>src</arg>
<doc>Returns the value of ``attribute`` from the element ``locator``.</doc>
<status status="PASS" start="2024-02-21T14:18:35.383974" elapsed="0.008848"/>
</kw>
<kw name="Run Keyword And Return Status" owner="BuiltIn">
<kw name="HEAD" owner="RequestsLibrary">
<msg time="2024-02-21T14:18:36.452092" level="INFO">HEAD Request : url=https://the-internet.herokuapp.com/asdf.jpg 
 path_url=/asdf.jpg 
 headers={'User-Agent': 'python-requests/2.31.0', 'Accept-Encoding': 'gzip, deflate', 'Accept': '*/*', 'Connection': 'keep-alive'} 
 body=None 
 </msg>
<msg time="2024-02-21T14:18:36.452092" level="INFO">HEAD Response : url=https://the-internet.herokuapp.com/asdf.jpg 
 status=404, reason=Not Found 
 headers={'Report-To': '{"group":"heroku-nel","max_age":3600,"endpoints":[{"url":"https://nel.heroku.com/reports?ts=1708550316&amp;sid=c46efe9b-d3d2-4a0c-8c76-bfafa16c5add&amp;s=E5KFCKBNgM%2BvqAdwkFOv8GLupU4RddqTOg9khMM%2FoSc%3D"}]}', 'Reporting-Endpoints': 'heroku-nel=https://nel.heroku.com/reports?ts=1708550316&amp;sid=c46efe9b-d3d2-4a0c-8c76-bfafa16c5add&amp;s=E5KFCKBNgM%2BvqAdwkFOv8GLupU4RddqTOg9khMM%2FoSc%3D', 'Nel': '{"report_to":"heroku-nel","max_age":3600,"success_fraction":0.005,"failure_fraction":0.05,"response_headers":["Via"]}', 'Connection': 'keep-alive', 'Content-Type': 'text/html;charset=utf-8', 'X-Cascade': 'pass', 'Content-Length': '18', 'X-Xss-Protection': '1; mode=block', 'X-Content-Type-Options': 'nosniff', 'X-Frame-Options': 'SAMEORIGIN', 'Server': 'WEBrick/1.6.0 (Ruby/2.7.2/2020-10-01)', 'Date': 'Wed, 21 Feb 2024 21:18:36 GMT', 'Set-Cookie': 'rack.session=BAh7CEkiD3Nlc3Npb25faWQGOgZFVEkiRWEyZWE0MWVjNDliOTBhOTY2NTBm%0AMDJkMDdmOGI2NWZhZTZmZjgyYmQ4NjE2YTY1ODRkNmI2NzVkMWVlM2Q4OTMG%0AOwBGSSIJY3NyZgY7AEZJIiU2OGI3OGE0OWNlMzIzZTBkNzk2MDUwZDZkODdh%0AMjE2MgY7AEZJIg10cmFja2luZwY7AEZ7B0kiFEhUVFBfVVNFUl9BR0VOVAY7%0AAFRJIi04NGEwMjRkMGJlMjgwOWIwZTgwMzkwOTFmODY5YzM0ZWZlN2MzMGUx%0ABjsARkkiGUhUVFBfQUNDRVBUX0xBTkdVQUdFBjsAVEkiLWRhMzlhM2VlNWU2%0AYjRiMGQzMjU1YmZlZjk1NjAxODkwYWZkODA3MDkGOwBG%0A--531b9311bd9a96895d4ab9b178fc39fa4834288b; path=/; HttpOnly', 'Via': '1.1 vegur'} 
 body=None 
 </msg>
<msg time="2024-02-21T14:18:36.453088" level="FAIL">Url: https://the-internet.herokuapp.com/asdf.jpg Expected status: 404 != 200</msg>
<arg>url=${imageSrc}</arg>
<arg>expected_status=200</arg>
<doc>Sends a HEAD request.</doc>
<status status="FAIL" start="2024-02-21T14:18:35.393856" elapsed="1.079186">Url: https://the-internet.herokuapp.com/asdf.jpg Expected status: 404 != 200</status>
</kw>
<msg time="2024-02-21T14:18:36.473042" level="INFO">${resp} = False</msg>
<var>${resp}</var>
<arg>HEAD</arg>
<arg>url=${imageSrc}</arg>
<arg>expected_status=200</arg>
<doc>Runs the given keyword with given arguments and returns the status as a Boolean value.</doc>
<status status="PASS" start="2024-02-21T14:18:35.392822" elapsed="1.081217"/>
</kw>
<if>
<branch type="IF" condition="'!${resp}'">
<kw name="Evaluate" owner="BuiltIn">
<msg time="2024-02-21T14:18:36.476995" level="INFO">${broken} = 1</msg>
<var>${broken}</var>
<arg>${broken}+1</arg>
<doc>Evaluates the given expression in Python and returns the result.</doc>
<status status="PASS" start="2024-02-21T14:18:36.476046" elapsed="0.000949"/>
</kw>
<status status="PASS" start="2024-02-21T14:18:36.474039" elapsed="0.002956"/>
</branch>
<status status="PASS" start="2024-02-21T14:18:36.474039" elapsed="0.002956"/>
</if>
<var name="${image}">&lt;selenium.webdriver.remote.webelement.WebElement (session="895a78ea9a176bc3aad86d1bd66dbf29", element="E6455841C66167D7D2C66C11B112BC56_element_20")&gt;</var>
<status status="PASS" start="2024-02-21T14:18:35.383974" elapsed="1.094010"/>
</iter>
<iter>
<kw name="Get Element Attribute" owner="SeleniumLibrary">
<msg time="2024-02-21T14:18:36.496439" level="INFO">${imageSrc} = https://the-internet.herokuapp.com/hjkl.jpg</msg>
<var>${imageSrc}</var>
<arg>${image}</arg>
<arg>src</arg>
<doc>Returns the value of ``attribute`` from the element ``locator``.</doc>
<status status="PASS" start="2024-02-21T14:18:36.478981" elapsed="0.017458"/>
</kw>
<kw name="Run Keyword And Return Status" owner="BuiltIn">
<kw name="HEAD" owner="RequestsLibrary">
<msg time="2024-02-21T14:18:37.520442" level="INFO">HEAD Request : url=https://the-internet.herokuapp.com/hjkl.jpg 
 path_url=/hjkl.jpg 
 headers={'User-Agent': 'python-requests/2.31.0', 'Accept-Encoding': 'gzip, deflate', 'Accept': '*/*', 'Connection': 'keep-alive'} 
 body=None 
 </msg>
<msg time="2024-02-21T14:18:37.520442" level="INFO">HEAD Response : url=https://the-internet.herokuapp.com/hjkl.jpg 
 status=404, reason=Not Found 
 headers={'Report-To': '{"group":"heroku-nel","max_age":3600,"endpoints":[{"url":"https://nel.heroku.com/reports?ts=1708550317&amp;sid=c46efe9b-d3d2-4a0c-8c76-bfafa16c5add&amp;s=ZxH5xiYKTdAcfGc%2F0VGj5lVlzz8ZOMXTa77arLBzsjI%3D"}]}', 'Reporting-Endpoints': 'heroku-nel=https://nel.heroku.com/reports?ts=1708550317&amp;sid=c46efe9b-d3d2-4a0c-8c76-bfafa16c5add&amp;s=ZxH5xiYKTdAcfGc%2F0VGj5lVlzz8ZOMXTa77arLBzsjI%3D', 'Nel': '{"report_to":"heroku-nel","max_age":3600,"success_fraction":0.005,"failure_fraction":0.05,"response_headers":["Via"]}', 'Connection': 'keep-alive', 'Content-Type': 'text/html;charset=utf-8', 'X-Cascade': 'pass', 'Content-Length': '18', 'X-Xss-Protection': '1; mode=block', 'X-Content-Type-Options': 'nosniff', 'X-Frame-Options': 'SAMEORIGIN', 'Server': 'WEBrick/1.6.0 (Ruby/2.7.2/2020-10-01)', 'Date': 'Wed, 21 Feb 2024 21:18:37 GMT', 'Set-Cookie': 'rack.session=BAh7CEkiD3Nlc3Npb25faWQGOgZFVEkiRTMzNjg5ZTczN2NiMGRjYTZkNWNl%0AODRmYzgwMWY5YzM0YjhlMjIxYzJlODU1OTU4MzBhYjFjZjhiZGUxN2RmNjkG%0AOwBGSSIJY3NyZgY7AEZJIiViYzk0ODhhODYzMTVmZTE2OWU5YzAwYTY5YTc1%0AYjM4ZgY7AEZJIg10cmFja2luZwY7AEZ7B0kiFEhUVFBfVVNFUl9BR0VOVAY7%0AAFRJIi04NGEwMjRkMGJlMjgwOWIwZTgwMzkwOTFmODY5YzM0ZWZlN2MzMGUx%0ABjsARkkiGUhUVFBfQUNDRVBUX0xBTkdVQUdFBjsAVEkiLWRhMzlhM2VlNWU2%0AYjRiMGQzMjU1YmZlZjk1NjAxODkwYWZkODA3MDkGOwBG%0A--328d21eff3d0cbfad6fe9ca7a9f2db8574cc9890; path=/; HttpOnly', 'Via': '1.1 vegur'} 
 body=None 
 </msg>
<msg time="2024-02-21T14:18:37.520442" level="FAIL">Url: https://the-internet.herokuapp.com/hjkl.jpg Expected status: 404 != 200</msg>
<arg>url=${imageSrc}</arg>
<arg>expected_status=200</arg>
<doc>Sends a HEAD request.</doc>
<status status="FAIL" start="2024-02-21T14:18:36.497479" elapsed="1.023960">Url: https://the-internet.herokuapp.com/hjkl.jpg Expected status: 404 != 200</status>
</kw>
<msg time="2024-02-21T14:18:37.521439" level="INFO">${resp} = False</msg>
<var>${resp}</var>
<arg>HEAD</arg>
<arg>url=${imageSrc}</arg>
<arg>expected_status=200</arg>
<doc>Runs the given keyword with given arguments and returns the status as a Boolean value.</doc>
<status status="PASS" start="2024-02-21T14:18:36.497479" elapsed="1.023960"/>
</kw>
<if>
<branch type="IF" condition="'!${resp}'">
<kw name="Evaluate" owner="BuiltIn">
<msg time="2024-02-21T14:18:37.521439" level="INFO">${broken} = 2</msg>
<var>${broken}</var>
<arg>${broken}+1</arg>
<doc>Evaluates the given expression in Python and returns the result.</doc>
<status status="PASS" start="2024-02-21T14:18:37.521439" elapsed="0.000000"/>
</kw>
<status status="PASS" start="2024-02-21T14:18:37.521439" elapsed="0.000000"/>
</branch>
<status status="PASS" start="2024-02-21T14:18:37.521439" elapsed="0.000000"/>
</if>
<var name="${image}">&lt;selenium.webdriver.remote.webelement.WebElement (session="895a78ea9a176bc3aad86d1bd66dbf29", element="E6455841C66167D7D2C66C11B112BC56_element_22")&gt;</var>
<status status="PASS" start="2024-02-21T14:18:36.477984" elapsed="1.043455"/>
</iter>
<iter>
<kw name="Get Element Attribute" owner="SeleniumLibrary">
<msg time="2024-02-21T14:18:37.527422" level="INFO">${imageSrc} = https://the-internet.herokuapp.com/img/avatar-blank.jpg</msg>
<var>${imageSrc}</var>
<arg>${image}</arg>
<arg>src</arg>
<doc>Returns the value of ``attribute`` from the element ``locator``.</doc>
<status status="PASS" start="2024-02-21T14:18:37.522436" elapsed="0.004986"/>
</kw>
<kw name="Run Keyword And Return Status" owner="BuiltIn">
<kw name="HEAD" owner="RequestsLibrary">
<msg time="2024-02-21T14:18:38.613522" level="INFO">HEAD Request : url=https://the-internet.herokuapp.com/img/avatar-blank.jpg 
 path_url=/img/avatar-blank.jpg 
 headers={'User-Agent': 'python-requests/2.31.0', 'Accept-Encoding': 'gzip, deflate', 'Accept': '*/*', 'Connection': 'keep-alive'} 
 body=None 
 </msg>
<msg time="2024-02-21T14:18:38.614548" level="INFO">HEAD Response : url=https://the-internet.herokuapp.com/img/avatar-blank.jpg 
 status=200, reason=OK 
 headers={'Report-To': '{"group":"heroku-nel","max_age":3600,"endpoints":[{"url":"https://nel.heroku.com/reports?ts=1708550318&amp;sid=c46efe9b-d3d2-4a0c-8c76-bfafa16c5add&amp;s=m3NIad7FegFJ1jWfUqXwZdsxgdHpWgKwqOzk4R6LY5A%3D"}]}', 'Reporting-Endpoints': 'heroku-nel=https://nel.heroku.com/reports?ts=1708550318&amp;sid=c46efe9b-d3d2-4a0c-8c76-bfafa16c5add&amp;s=m3NIad7FegFJ1jWfUqXwZdsxgdHpWgKwqOzk4R6LY5A%3D', 'Nel': '{"report_to":"heroku-nel","max_age":3600,"success_fraction":0.005,"failure_fraction":0.05,"response_headers":["Via"]}', 'Connection': 'keep-alive', 'Content-Type': 'image/jpeg', 'Last-Modified': 'Mon, 15 Feb 2021 17:29:38 GMT', 'Content-Length': '2464', 'X-Content-Type-Options': 'nosniff', 'Server': 'WEBrick/1.6.0 (Ruby/2.7.2/2020-10-01)', 'Date': 'Wed, 21 Feb 2024 21:18:38 GMT', 'Set-Cookie': 'rack.session=BAh7CEkiD3Nlc3Npb25faWQGOgZFVEkiRWM1YWZjMmY4NjY1MmQxOTdlNTQy%0AYjU5ZjM5ZmM1Y2VhOTZkNTllNmVmNzgxYTk0MTdhODkzYzkzMTg4OGZiNjcG%0AOwBGSSIJY3NyZgY7AEZJIiU5YTY4ZTkyZTEyYzA3YTljODlkNDU3M2QzMjgy%0AMWIxZgY7AEZJIg10cmFja2luZwY7AEZ7B0kiFEhUVFBfVVNFUl9BR0VOVAY7%0AAFRJIi04NGEwMjRkMGJlMjgwOWIwZTgwMzkwOTFmODY5YzM0ZWZlN2MzMGUx%0ABjsARkkiGUhUVFBfQUNDRVBUX0xBTkdVQUdFBjsAVEkiLWRhMzlhM2VlNWU2%0AYjRiMGQzMjU1YmZlZjk1NjAxODkwYWZkODA3MDkGOwBG%0A--69f360a06616272bfc31c467ed21b93a981f7d34; path=/; HttpOnly', 'Via': '1.1 vegur'} 
 body=None 
 </msg>
<arg>url=${imageSrc}</arg>
<arg>expected_status=200</arg>
<doc>Sends a HEAD request.</doc>
<status status="PASS" start="2024-02-21T14:18:37.527422" elapsed="1.088128"/>
</kw>
<msg time="2024-02-21T14:18:38.615550" level="INFO">${resp} = True</msg>
<var>${resp}</var>
<arg>HEAD</arg>
<arg>url=${imageSrc}</arg>
<arg>expected_status=200</arg>
<doc>Runs the given keyword with given arguments and returns the status as a Boolean value.</doc>
<status status="PASS" start="2024-02-21T14:18:37.527422" elapsed="1.088128"/>
</kw>
<if>
<branch type="IF" condition="'!${resp}'">
<kw name="Evaluate" owner="BuiltIn">
<msg time="2024-02-21T14:18:38.615550" level="INFO">${broken} = 3</msg>
<var>${broken}</var>
<arg>${broken}+1</arg>
<doc>Evaluates the given expression in Python and returns the result.</doc>
<status status="PASS" start="2024-02-21T14:18:38.615550" elapsed="0.000000"/>
</kw>
<status status="PASS" start="2024-02-21T14:18:38.615550" elapsed="0.000000"/>
</branch>
<status status="PASS" start="2024-02-21T14:18:38.615550" elapsed="0.000000"/>
</if>
<var name="${image}">&lt;selenium.webdriver.remote.webelement.WebElement (session="895a78ea9a176bc3aad86d1bd66dbf29", element="E6455841C66167D7D2C66C11B112BC56_element_14")&gt;</var>
<status status="PASS" start="2024-02-21T14:18:37.522436" elapsed="1.093114"/>
</iter>
<var>${image}</var>
<value>@{images}</value>
<status status="PASS" start="2024-02-21T14:18:35.383974" elapsed="3.231576"/>
</for>
<status status="PASS" start="2024-02-21T14:18:35.374013" elapsed="3.242504"/>
</kw>
<status status="PASS" start="2024-02-21T14:18:35.373019" elapsed="3.243498"/>
</kw>
<kw name="Validate Functional Images" owner="Herokuapp">
<kw name="Validate Functional Images" owner="BrokenImages">
<kw name="Get WebElements" owner="SeleniumLibrary">
<msg time="2024-02-21T14:18:38.625373" level="INFO">@{images} = [ &lt;selenium.webdriver.remote.webelement.WebElement (session="895a78ea9a176bc3aad86d1bd66dbf29", element="E6455841C66167D7D2C66C11B112BC56_element_20")&gt; | &lt;selenium.webdriver.remote.webelement.WebEleme...</msg>
<var>@{images}</var>
<arg>${BrokenImageContainer}//img</arg>
<doc>Returns a list of WebElement objects matching the ``locator``.</doc>
<status status="PASS" start="2024-02-21T14:18:38.617544" elapsed="0.007829"/>
</kw>
<for flavor="IN">
<iter>
<kw name="Get Element Attribute" owner="SeleniumLibrary">
<msg time="2024-02-21T14:18:38.631799" level="INFO">${imageSrc} = https://the-internet.herokuapp.com/asdf.jpg</msg>
<var>${imageSrc}</var>
<arg>${image}</arg>
<arg>src</arg>
<doc>Returns the value of ``attribute`` from the element ``locator``.</doc>
<status status="PASS" start="2024-02-21T14:18:38.625373" elapsed="0.006426"/>
</kw>
<kw name="Run Keyword And Return Status" owner="BuiltIn">
<kw name="HEAD" owner="RequestsLibrary">
<msg time="2024-02-21T14:18:39.688308" level="INFO">HEAD Request : url=https://the-internet.herokuapp.com/asdf.jpg 
 path_url=/asdf.jpg 
 headers={'User-Agent': 'python-requests/2.31.0', 'Accept-Encoding': 'gzip, deflate', 'Accept': '*/*', 'Connection': 'keep-alive'} 
 body=None 
 </msg>
<msg time="2024-02-21T14:18:39.688308" level="INFO">HEAD Response : url=https://the-internet.herokuapp.com/asdf.jpg 
 status=404, reason=Not Found 
 headers={'Report-To': '{"group":"heroku-nel","max_age":3600,"endpoints":[{"url":"https://nel.heroku.com/reports?ts=1708550319&amp;sid=c46efe9b-d3d2-4a0c-8c76-bfafa16c5add&amp;s=IXnCx36jy9Y4t0%2Fod7bGuj6otuq4IqTYfeo%2BWC5Far0%3D"}]}', 'Reporting-Endpoints': 'heroku-nel=https://nel.heroku.com/reports?ts=1708550319&amp;sid=c46efe9b-d3d2-4a0c-8c76-bfafa16c5add&amp;s=IXnCx36jy9Y4t0%2Fod7bGuj6otuq4IqTYfeo%2BWC5Far0%3D', 'Nel': '{"report_to":"heroku-nel","max_age":3600,"success_fraction":0.005,"failure_fraction":0.05,"response_headers":["Via"]}', 'Connection': 'keep-alive', 'Content-Type': 'text/html;charset=utf-8', 'X-Cascade': 'pass', 'Content-Length': '18', 'X-Xss-Protection': '1; mode=block', 'X-Content-Type-Options': 'nosniff', 'X-Frame-Options': 'SAMEORIGIN', 'Server': 'WEBrick/1.6.0 (Ruby/2.7.2/2020-10-01)', 'Date': 'Wed, 21 Feb 2024 21:18:39 GMT', 'Set-Cookie': 'rack.session=BAh7CEkiD3Nlc3Npb25faWQGOgZFVEkiRTY5ZGIxNDMwMTMzMThkMDg4MzAx%0AZGYyNTViN2U0OWQ3Zjg5OGNhZTQzZTdiNGQ5MDYwZTZmOTFjNTk1NWFlYTAG%0AOwBGSSIJY3NyZgY7AEZJIiUyM2I2MmYwNjBmNDU5YzY0MGY0ZWU2Y2FhMGFj%0AZmM1OAY7AEZJIg10cmFja2luZwY7AEZ7B0kiFEhUVFBfVVNFUl9BR0VOVAY7%0AAFRJIi04NGEwMjRkMGJlMjgwOWIwZTgwMzkwOTFmODY5YzM0ZWZlN2MzMGUx%0ABjsARkkiGUhUVFBfQUNDRVBUX0xBTkdVQUdFBjsAVEkiLWRhMzlhM2VlNWU2%0AYjRiMGQzMjU1YmZlZjk1NjAxODkwYWZkODA3MDkGOwBG%0A--daf54ba6bafca1fbaf4fb1361e1d4f0128fdc702; path=/; HttpOnly', 'Via': '1.1 vegur'} 
 body=None 
 </msg>
<arg>url=${imageSrc}</arg>
<arg>expected_status=404</arg>
<doc>Sends a HEAD request.</doc>
<status status="PASS" start="2024-02-21T14:18:38.631799" elapsed="1.057509"/>
</kw>
<msg time="2024-02-21T14:18:39.689308" level="INFO">${resp} = True</msg>
<var>${resp}</var>
<arg>HEAD</arg>
<arg>url=${imageSrc}</arg>
<arg>expected_status=404</arg>
<doc>Runs the given keyword with given arguments and returns the status as a Boolean value.</doc>
<status status="PASS" start="2024-02-21T14:18:38.631799" elapsed="1.057509"/>
</kw>
<if>
<branch type="IF" condition="${resp}">
<kw name="Evaluate" owner="BuiltIn">
<msg time="2024-02-21T14:18:39.690305" level="INFO">${functional} = 1</msg>
<var>${functional}</var>
<arg>${functional}+1</arg>
<doc>Evaluates the given expression in Python and returns the result.</doc>
<status status="PASS" start="2024-02-21T14:18:39.690305" elapsed="0.000000"/>
</kw>
<status status="PASS" start="2024-02-21T14:18:39.690305" elapsed="0.000000"/>
</branch>
<status status="PASS" start="2024-02-21T14:18:39.690305" elapsed="0.000000"/>
</if>
<var name="${image}">&lt;selenium.webdriver.remote.webelement.WebElement (session="895a78ea9a176bc3aad86d1bd66dbf29", element="E6455841C66167D7D2C66C11B112BC56_element_20")&gt;</var>
<status status="PASS" start="2024-02-21T14:18:38.625373" elapsed="1.064932"/>
</iter>
<iter>
<kw name="Get Element Attribute" owner="SeleniumLibrary">
<msg time="2024-02-21T14:18:39.697376" level="INFO">${imageSrc} = https://the-internet.herokuapp.com/hjkl.jpg</msg>
<var>${imageSrc}</var>
<arg>${image}</arg>
<arg>src</arg>
<doc>Returns the value of ``attribute`` from the element ``locator``.</doc>
<status status="PASS" start="2024-02-21T14:18:39.690305" elapsed="0.007071"/>
</kw>
<kw name="Run Keyword And Return Status" owner="BuiltIn">
<kw name="HEAD" owner="RequestsLibrary">
<msg time="2024-02-21T14:18:40.797332" level="INFO">HEAD Request : url=https://the-internet.herokuapp.com/hjkl.jpg 
 path_url=/hjkl.jpg 
 headers={'User-Agent': 'python-requests/2.31.0', 'Accept-Encoding': 'gzip, deflate', 'Accept': '*/*', 'Connection': 'keep-alive'} 
 body=None 
 </msg>
<msg time="2024-02-21T14:18:40.797332" level="INFO">HEAD Response : url=https://the-internet.herokuapp.com/hjkl.jpg 
 status=404, reason=Not Found 
 headers={'Report-To': '{"group":"heroku-nel","max_age":3600,"endpoints":[{"url":"https://nel.heroku.com/reports?ts=1708550320&amp;sid=c46efe9b-d3d2-4a0c-8c76-bfafa16c5add&amp;s=dEhsJ%2Bn7H6xLVi%2Fg1l4FZy7ZatIjvmAjRLB7CZxyum8%3D"}]}', 'Reporting-Endpoints': 'heroku-nel=https://nel.heroku.com/reports?ts=1708550320&amp;sid=c46efe9b-d3d2-4a0c-8c76-bfafa16c5add&amp;s=dEhsJ%2Bn7H6xLVi%2Fg1l4FZy7ZatIjvmAjRLB7CZxyum8%3D', 'Nel': '{"report_to":"heroku-nel","max_age":3600,"success_fraction":0.005,"failure_fraction":0.05,"response_headers":["Via"]}', 'Connection': 'keep-alive', 'Content-Type': 'text/html;charset=utf-8', 'X-Cascade': 'pass', 'Content-Length': '18', 'X-Xss-Protection': '1; mode=block', 'X-Content-Type-Options': 'nosniff', 'X-Frame-Options': 'SAMEORIGIN', 'Server': 'WEBrick/1.6.0 (Ruby/2.7.2/2020-10-01)', 'Date': 'Wed, 21 Feb 2024 21:18:40 GMT', 'Set-Cookie': 'rack.session=BAh7CEkiD3Nlc3Npb25faWQGOgZFVEkiRTMwMjMzNDU0NTM4YTZmMmZhOGJh%0ANjg3OWY2OWFiODgxNzBjZGIyYzc4ZDYzNmRlMmE5MDEwZGUzYWNlOWNhYTMG%0AOwBGSSIJY3NyZgY7AEZJIiUwNDliZWQ2ZjYxNjUxNTA4NmUyOGU5NGUzYTA4%0AMzI1YQY7AEZJIg10cmFja2luZwY7AEZ7B0kiFEhUVFBfVVNFUl9BR0VOVAY7%0AAFRJIi04NGEwMjRkMGJlMjgwOWIwZTgwMzkwOTFmODY5YzM0ZWZlN2MzMGUx%0ABjsARkkiGUhUVFBfQUNDRVBUX0xBTkdVQUdFBjsAVEkiLWRhMzlhM2VlNWU2%0AYjRiMGQzMjU1YmZlZjk1NjAxODkwYWZkODA3MDkGOwBG%0A--384b11a5825830972347f899a5d7d9f36e570537; path=/; HttpOnly', 'Via': '1.1 vegur'} 
 body=None 
 </msg>
<arg>url=${imageSrc}</arg>
<arg>expected_status=404</arg>
<doc>Sends a HEAD request.</doc>
<status status="PASS" start="2024-02-21T14:18:39.697376" elapsed="1.104944"/>
</kw>
<msg time="2024-02-21T14:18:40.802320" level="INFO">${resp} = True</msg>
<var>${resp}</var>
<arg>HEAD</arg>
<arg>url=${imageSrc}</arg>
<arg>expected_status=404</arg>
<doc>Runs the given keyword with given arguments and returns the status as a Boolean value.</doc>
<status status="PASS" start="2024-02-21T14:18:39.697376" elapsed="1.104944"/>
</kw>
<if>
<branch type="IF" condition="${resp}">
<kw name="Evaluate" owner="BuiltIn">
<msg time="2024-02-21T14:18:40.804313" level="INFO">${functional} = 2</msg>
<var>${functional}</var>
<arg>${functional}+1</arg>
<doc>Evaluates the given expression in Python and returns the result.</doc>
<status status="PASS" start="2024-02-21T14:18:40.803319" elapsed="0.001949"/>
</kw>
<status status="PASS" start="2024-02-21T14:18:40.803319" elapsed="0.001949"/>
</branch>
<status status="PASS" start="2024-02-21T14:18:40.803319" elapsed="0.001949"/>
</if>
<var name="${image}">&lt;selenium.webdriver.remote.webelement.WebElement (session="895a78ea9a176bc3aad86d1bd66dbf29", element="E6455841C66167D7D2C66C11B112BC56_element_22")&gt;</var>
<status status="PASS" start="2024-02-21T14:18:39.690305" elapsed="1.114963"/>
</iter>
<iter>
<kw name="Get Element Attribute" owner="SeleniumLibrary">
<msg time="2024-02-21T14:18:40.827058" level="INFO">${imageSrc} = https://the-internet.herokuapp.com/img/avatar-blank.jpg</msg>
<var>${imageSrc}</var>
<arg>${image}</arg>
<arg>src</arg>
<doc>Returns the value of ``attribute`` from the element ``locator``.</doc>
<status status="PASS" start="2024-02-21T14:18:40.806308" elapsed="0.020750"/>
</kw>
<kw name="Run Keyword And Return Status" owner="BuiltIn">
<kw name="HEAD" owner="RequestsLibrary">
<msg time="2024-02-21T14:18:41.803227" level="INFO">HEAD Request : url=https://the-internet.herokuapp.com/img/avatar-blank.jpg 
 path_url=/img/avatar-blank.jpg 
 headers={'User-Agent': 'python-requests/2.31.0', 'Accept-Encoding': 'gzip, deflate', 'Accept': '*/*', 'Connection': 'keep-alive'} 
 body=None 
 </msg>
<msg time="2024-02-21T14:18:41.804193" level="INFO">HEAD Response : url=https://the-internet.herokuapp.com/img/avatar-blank.jpg 
 status=200, reason=OK 
 headers={'Report-To': '{"group":"heroku-nel","max_age":3600,"endpoints":[{"url":"https://nel.heroku.com/reports?ts=1708550321&amp;sid=c46efe9b-d3d2-4a0c-8c76-bfafa16c5add&amp;s=mss2X0i31xAcEqvjg2G5ebCCbZudBx90Qifnofs89RQ%3D"}]}', 'Reporting-Endpoints': 'heroku-nel=https://nel.heroku.com/reports?ts=1708550321&amp;sid=c46efe9b-d3d2-4a0c-8c76-bfafa16c5add&amp;s=mss2X0i31xAcEqvjg2G5ebCCbZudBx90Qifnofs89RQ%3D', 'Nel': '{"report_to":"heroku-nel","max_age":3600,"success_fraction":0.005,"failure_fraction":0.05,"response_headers":["Via"]}', 'Connection': 'keep-alive', 'Content-Type': 'image/jpeg', 'Last-Modified': 'Mon, 15 Feb 2021 17:29:38 GMT', 'Content-Length': '2464', 'X-Content-Type-Options': 'nosniff', 'Server': 'WEBrick/1.6.0 (Ruby/2.7.2/2020-10-01)', 'Date': 'Wed, 21 Feb 2024 21:18:41 GMT', 'Set-Cookie': 'rack.session=BAh7CEkiD3Nlc3Npb25faWQGOgZFVEkiRTEyZGE1MmY4ZTRjMzJlOWEwZTUx%0AZTkzZGE0OWQxNjJlM2Y5MDBkZmUxYjhjYWU5NTc4ODhlN2VhMTgxZmU5NzcG%0AOwBGSSIJY3NyZgY7AEZJIiU4ODMxM2U4YjljMWUyNTljODA5NWNiODE4OGNk%0ANTU5MwY7AEZJIg10cmFja2luZwY7AEZ7B0kiFEhUVFBfVVNFUl9BR0VOVAY7%0AAFRJIi04NGEwMjRkMGJlMjgwOWIwZTgwMzkwOTFmODY5YzM0ZWZlN2MzMGUx%0ABjsARkkiGUhUVFBfQUNDRVBUX0xBTkdVQUdFBjsAVEkiLWRhMzlhM2VlNWU2%0AYjRiMGQzMjU1YmZlZjk1NjAxODkwYWZkODA3MDkGOwBG%0A--c0a478f181c4a246b7817c7012d35dc8a5cac82d; path=/; HttpOnly', 'Via': '1.1 vegur'} 
 body=None 
 </msg>
<msg time="2024-02-21T14:18:41.805190" level="FAIL">Url: https://the-internet.herokuapp.com/img/avatar-blank.jpg Expected status: 200 != 404</msg>
<arg>url=${imageSrc}</arg>
<arg>expected_status=404</arg>
<doc>Sends a HEAD request.</doc>
<status status="FAIL" start="2024-02-21T14:18:40.827058" elapsed="0.978132">Url: https://the-internet.herokuapp.com/img/avatar-blank.jpg Expected status: 200 != 404</status>
</kw>
<msg time="2024-02-21T14:18:41.805190" level="INFO">${resp} = False</msg>
<var>${resp}</var>
<arg>HEAD</arg>
<arg>url=${imageSrc}</arg>
<arg>expected_status=404</arg>
<doc>Runs the given keyword with given arguments and returns the status as a Boolean value.</doc>
<status status="PASS" start="2024-02-21T14:18:40.827058" elapsed="0.978132"/>
</kw>
<if>
<branch type="IF" condition="${resp}">
<kw name="Evaluate" owner="BuiltIn">
<var>${functional}</var>
<arg>${functional}+1</arg>
<doc>Evaluates the given expression in Python and returns the result.</doc>
<status status="NOT RUN" start="2024-02-21T14:18:41.806189" elapsed="0.000000"/>
</kw>
<status status="NOT RUN" start="2024-02-21T14:18:41.806189" elapsed="0.000000"/>
</branch>
<status status="PASS" start="2024-02-21T14:18:41.806189" elapsed="0.000000"/>
</if>
<var name="${image}">&lt;selenium.webdriver.remote.webelement.WebElement (session="895a78ea9a176bc3aad86d1bd66dbf29", element="E6455841C66167D7D2C66C11B112BC56_element_14")&gt;</var>
<status status="PASS" start="2024-02-21T14:18:40.806308" elapsed="0.999881"/>
</iter>
<var>${image}</var>
<value>@{images}</value>
<status status="PASS" start="2024-02-21T14:18:38.625373" elapsed="3.180816"/>
</for>
<status status="PASS" start="2024-02-21T14:18:38.616517" elapsed="3.189672"/>
</kw>
<status status="PASS" start="2024-02-21T14:18:38.616517" elapsed="3.189672"/>
</kw>
<kw name="End Web Test" owner="Common" type="TEARDOWN">
<kw name="Close Browser" owner="SeleniumLibrary">
<doc>Closes the current browser.</doc>
<status status="PASS" start="2024-02-21T14:18:41.807187" elapsed="2.215785"/>
</kw>
<status status="PASS" start="2024-02-21T14:18:41.807187" elapsed="2.215785"/>
</kw>
<doc>This test verifies the broken images</doc>
<tag>1002</tag>
<tag>BrokenImages</tag>
<tag>Functional</tag>
<status status="PASS" start="2024-02-21T14:18:32.159822" elapsed="11.863874"/>
</test>
<test id="s1-t3" name="Basic Good Auth Page" line="35">
<kw name="Start Web Test" owner="Common" type="SETUP">
<kw name="Open Browser" owner="SeleniumLibrary">
<msg time="2024-02-21T14:18:44.063858" level="INFO">Opening browser 'edge' to base url 'about:blank'.</msg>
<arg>about:blank</arg>
<arg>${BROWSER}</arg>
<doc>Opens a new browser instance to the optional ``url``.</doc>
<status status="PASS" start="2024-02-21T14:18:44.063858" elapsed="1.612402"/>
</kw>
<kw name="Maximize Browser Window" owner="SeleniumLibrary">
<doc>Maximizes current browser window.</doc>
<status status="PASS" start="2024-02-21T14:18:45.676260" elapsed="0.127716"/>
</kw>
<kw name="Go To" owner="SeleniumLibrary">
<msg time="2024-02-21T14:18:45.803976" level="INFO">Opening url 'https://the-internet.herokuapp.com/'</msg>
<arg>${URL}</arg>
<doc>Navigates the current browser window to the provided ``url``.</doc>
<status status="PASS" start="2024-02-21T14:18:45.803976" elapsed="1.086111"/>
</kw>
<status status="PASS" start="2024-02-21T14:18:44.063858" elapsed="2.826229"/>
</kw>
<kw name="Validate Page loaded" owner="Common">
<kw name="Wait Until Page Contains" owner="SeleniumLibrary">
<arg>${expected}</arg>
<arg>10s</arg>
<doc>Waits until ``text`` appears on the current page.</doc>
<status status="PASS" start="2024-02-21T14:18:46.891084" elapsed="0.012180"/>
</kw>
<arg>${LandingPageTitle}</arg>
<status status="PASS" start="2024-02-21T14:18:46.890087" elapsed="0.013177"/>
</kw>
<kw name="Select Test Link" owner="Herokuapp">
<kw name="Click on Element" owner="Common">
<for flavor="IN RANGE">
<iter>
<kw name="Click Element" owner="SeleniumLibrary">
<msg time="2024-02-21T14:18:46.905186" level="INFO">Clicking element 'xpath=//*[@id="content"]/ul/li[3]/a'.</msg>
<arg>${Element}</arg>
<doc>Click the element identified by ``locator``.</doc>
<status status="PASS" start="2024-02-21T14:18:46.904186" elapsed="0.166998"/>
</kw>
<var name="${i}">0</var>
<status status="PASS" start="2024-02-21T14:18:46.904186" elapsed="0.167971"/>
</iter>
<var>${i}</var>
<value>${Repetitions}</value>
<status status="PASS" start="2024-02-21T14:18:46.904186" elapsed="0.167971"/>
</for>
<arg>${TestLink}</arg>
<status status="PASS" start="2024-02-21T14:18:46.904186" elapsed="0.167971"/>
</kw>
<arg>${BasicAuth}</arg>
<status status="PASS" start="2024-02-21T14:18:46.904186" elapsed="0.167971"/>
</kw>
<kw name="Basic Auth" owner="Herokuapp">
<kw name="Login to the BasicAuth" owner="BasicAuth">
<kw name="Get Location" owner="SeleniumLibrary">
<msg time="2024-02-21T14:18:47.080137" level="INFO">${curURL} = https://the-internet.herokuapp.com/basic_auth</msg>
<var>${curURL}</var>
<doc>Returns the current browser window URL.</doc>
<status status="PASS" start="2024-02-21T14:18:47.074151" elapsed="0.005986"/>
</kw>
<kw name="Fetch From Right" owner="String">
<msg time="2024-02-21T14:18:47.081134" level="INFO">${curURL} = the-internet.herokuapp.com/basic_auth</msg>
<var>${curURL}</var>
<arg>${curURL}</arg>
<arg>//</arg>
<doc>Returns contents of the ``string`` after the last occurrence of ``marker``.</doc>
<status status="PASS" start="2024-02-21T14:18:47.081134" elapsed="0.000000"/>
</kw>
<kw name="Set Variable" owner="BuiltIn">
<msg time="2024-02-21T14:18:47.081134" level="INFO">${login} = admin:admin@the-internet.herokuapp.com/basic_auth</msg>
<var>${login}</var>
<arg>${Username}:${Password}@${curURL}</arg>
<doc>Returns the given values which can then be assigned to a variables.</doc>
<status status="PASS" start="2024-02-21T14:18:47.081134" elapsed="0.000000"/>
</kw>
<kw name="HEAD" owner="RequestsLibrary">
<msg time="2024-02-21T14:18:48.138963" level="INFO">HEAD Request : url=https://admin:admin@the-internet.herokuapp.com/basic_auth 
 path_url=/basic_auth 
 headers={'User-Agent': 'python-requests/2.31.0', 'Accept-Encoding': 'gzip, deflate', 'Accept': '*/*', 'Connection': 'keep-alive', 'Authorization': 'Basic YWRtaW46YWRtaW4='} 
 body=None 
 </msg>
<msg time="2024-02-21T14:18:48.139960" level="INFO">HEAD Response : url=https://admin:admin@the-internet.herokuapp.com/basic_auth 
 status=200, reason=OK 
 headers={'Report-To': '{"group":"heroku-nel","max_age":3600,"endpoints":[{"url":"https://nel.heroku.com/reports?ts=1708550328&amp;sid=c46efe9b-d3d2-4a0c-8c76-bfafa16c5add&amp;s=svFShaGQG5f9SRUvHfBc7RKRny%2FLrS16yu2IFKPDhlg%3D"}]}', 'Reporting-Endpoints': 'heroku-nel=https://nel.heroku.com/reports?ts=1708550328&amp;sid=c46efe9b-d3d2-4a0c-8c76-bfafa16c5add&amp;s=svFShaGQG5f9SRUvHfBc7RKRny%2FLrS16yu2IFKPDhlg%3D', 'Nel': '{"report_to":"heroku-nel","max_age":3600,"success_fraction":0.005,"failure_fraction":0.05,"response_headers":["Via"]}', 'Connection': 'keep-alive', 'Content-Type': 'text/html;charset=utf-8', 'Content-Length': '1643', 'X-Xss-Protection': '1; mode=block', 'X-Content-Type-Options': 'nosniff', 'X-Frame-Options': 'SAMEORIGIN', 'Server': 'WEBrick/1.6.0 (Ruby/2.7.2/2020-10-01)', 'Date': 'Wed, 21 Feb 2024 21:18:48 GMT', 'Set-Cookie': 'rack.session=BAh7CUkiD3Nlc3Npb25faWQGOgZFVEkiRTBjN2VhNzRiNjU5MDMwNTc5OTJl%0ANjlkOGRmNDM1YTgzYzcyMzhkNzkyYjdlY2JkYzEyNmNmZGZjMjgzZTQwYTMG%0AOwBGSSIJY3NyZgY7AEZJIiU5MzhiYzBjMDY0ZjQwYzU5ZTNhZjAwNTYwOWVh%0AZmI5YgY7AEZJIg10cmFja2luZwY7AEZ7B0kiFEhUVFBfVVNFUl9BR0VOVAY7%0AAFRJIi04NGEwMjRkMGJlMjgwOWIwZTgwMzkwOTFmODY5YzM0ZWZlN2MzMGUx%0ABjsARkkiGUhUVFBfQUNDRVBUX0xBTkdVQUdFBjsAVEkiLWRhMzlhM2VlNWU2%0AYjRiMGQzMjU1YmZlZjk1NjAxODkwYWZkODA3MDkGOwBGSSIKZmxhc2gGOwBG%0AewA%3D%0A--65ad5bb7c1b8fedbab23029bb07486b0e2c7d719; path=/; HttpOnly', 'Via': '1.1 vegur'} 
 body=None 
 </msg>
<msg time="2024-02-21T14:18:48.143947" level="INFO">${status} = &lt;Response [200]&gt;</msg>
<var>${status}</var>
<arg>https://${login}</arg>
<arg>expected_status=${StatusExpected}</arg>
<doc>Sends a HEAD request.</doc>
<status status="PASS" start="2024-02-21T14:18:47.081134" elapsed="1.062813"/>
</kw>
<kw name="Sleep" owner="BuiltIn">
<msg time="2024-02-21T14:18:50.147224" level="INFO">Slept 2 seconds.</msg>
<arg>2s</arg>
<doc>Pauses the test executed for the given time.</doc>
<status status="PASS" start="2024-02-21T14:18:48.144946" elapsed="2.002278"/>
</kw>
<arg>${username}</arg>
<arg>${password}</arg>
<arg>${StatusExpected}</arg>
<status status="PASS" start="2024-02-21T14:18:47.073153" elapsed="3.074071"/>
</kw>
<arg>${BAUsername}</arg>
<arg>${BAPassword}</arg>
<arg>200</arg>
<status status="PASS" start="2024-02-21T14:18:47.072157" elapsed="3.075067"/>
</kw>
<kw name="End Web Test" owner="Common" type="TEARDOWN">
<kw name="Close Browser" owner="SeleniumLibrary">
<doc>Closes the current browser.</doc>
<status status="PASS" start="2024-02-21T14:18:50.147957" elapsed="2.258264"/>
</kw>
<status status="PASS" start="2024-02-21T14:18:50.147957" elapsed="2.258264"/>
</kw>
<doc>This test Logs into the Basic Auth Page</doc>
<tag>1003a</tag>
<tag>BasicAuth</tag>
<tag>Functional</tag>
<status status="PASS" start="2024-02-21T14:18:44.061830" elapsed="8.344391"/>
</test>
<test id="s1-t4" name="Basic Bad Auth Page" line="42">
<kw name="Start Web Test" owner="Common" type="SETUP">
<kw name="Open Browser" owner="SeleniumLibrary">
<msg time="2024-02-21T14:18:52.442229" level="INFO">Opening browser 'edge' to base url 'about:blank'.</msg>
<arg>about:blank</arg>
<arg>${BROWSER}</arg>
<doc>Opens a new browser instance to the optional ``url``.</doc>
<status status="PASS" start="2024-02-21T14:18:52.442229" elapsed="1.644950"/>
</kw>
<kw name="Maximize Browser Window" owner="SeleniumLibrary">
<doc>Maximizes current browser window.</doc>
<status status="PASS" start="2024-02-21T14:18:54.087179" elapsed="0.124656"/>
</kw>
<kw name="Go To" owner="SeleniumLibrary">
<msg time="2024-02-21T14:18:54.212791" level="INFO">Opening url 'https://the-internet.herokuapp.com/'</msg>
<arg>${URL}</arg>
<doc>Navigates the current browser window to the provided ``url``.</doc>
<status status="PASS" start="2024-02-21T14:18:54.212791" elapsed="1.075730"/>
</kw>
<status status="PASS" start="2024-02-21T14:18:52.442229" elapsed="2.846292"/>
</kw>
<kw name="Validate Page loaded" owner="Common">
<kw name="Wait Until Page Contains" owner="SeleniumLibrary">
<arg>${expected}</arg>
<arg>10s</arg>
<doc>Waits until ``text`` appears on the current page.</doc>
<status status="PASS" start="2024-02-21T14:18:55.289517" elapsed="0.012484"/>
</kw>
<arg>${LandingPageTitle}</arg>
<status status="PASS" start="2024-02-21T14:18:55.289517" elapsed="0.012484"/>
</kw>
<kw name="Select Test Link" owner="Herokuapp">
<kw name="Click on Element" owner="Common">
<for flavor="IN RANGE">
<iter>
<kw name="Click Element" owner="SeleniumLibrary">
<msg time="2024-02-21T14:18:55.303765" level="INFO">Clicking element 'xpath=//*[@id="content"]/ul/li[3]/a'.</msg>
<arg>${Element}</arg>
<doc>Click the element identified by ``locator``.</doc>
<status status="PASS" start="2024-02-21T14:18:55.303765" elapsed="0.166981"/>
</kw>
<var name="${i}">0</var>
<status status="PASS" start="2024-02-21T14:18:55.302739" elapsed="0.168007"/>
</iter>
<var>${i}</var>
<value>${Repetitions}</value>
<status status="PASS" start="2024-02-21T14:18:55.302739" elapsed="0.168007"/>
</for>
<arg>${TestLink}</arg>
<status status="PASS" start="2024-02-21T14:18:55.302739" elapsed="0.168007"/>
</kw>
<arg>${BasicAuth}</arg>
<status status="PASS" start="2024-02-21T14:18:55.302739" elapsed="0.168007"/>
</kw>
<kw name="Basic Auth" owner="Herokuapp">
<kw name="Login to the BasicAuth" owner="BasicAuth">
<kw name="Get Location" owner="SeleniumLibrary">
<msg time="2024-02-21T14:18:55.477724" level="INFO">${curURL} = https://the-internet.herokuapp.com/basic_auth</msg>
<var>${curURL}</var>
<doc>Returns the current browser window URL.</doc>
<status status="PASS" start="2024-02-21T14:18:55.472739" elapsed="0.004985"/>
</kw>
<kw name="Fetch From Right" owner="String">
<msg time="2024-02-21T14:18:55.478723" level="INFO">${curURL} = the-internet.herokuapp.com/basic_auth</msg>
<var>${curURL}</var>
<arg>${curURL}</arg>
<arg>//</arg>
<doc>Returns contents of the ``string`` after the last occurrence of ``marker``.</doc>
<status status="PASS" start="2024-02-21T14:18:55.478723" elapsed="0.000000"/>
</kw>
<kw name="Set Variable" owner="BuiltIn">
<msg time="2024-02-21T14:18:55.478723" level="INFO">${login} = admin1:admin1@the-internet.herokuapp.com/basic_auth</msg>
<var>${login}</var>
<arg>${Username}:${Password}@${curURL}</arg>
<doc>Returns the given values which can then be assigned to a variables.</doc>
<status status="PASS" start="2024-02-21T14:18:55.478723" elapsed="0.000000"/>
</kw>
<kw name="HEAD" owner="RequestsLibrary">
<msg time="2024-02-21T14:18:56.539045" level="INFO">HEAD Request : url=https://admin1:admin1@the-internet.herokuapp.com/basic_auth 
 path_url=/basic_auth 
 headers={'User-Agent': 'python-requests/2.31.0', 'Accept-Encoding': 'gzip, deflate', 'Accept': '*/*', 'Connection': 'keep-alive', 'Authorization': 'Basic YWRtaW4xOmFkbWluMQ=='} 
 body=None 
 </msg>
<msg time="2024-02-21T14:18:56.539045" level="INFO">HEAD Response : url=https://admin1:admin1@the-internet.herokuapp.com/basic_auth 
 status=401, reason=Unauthorized 
 headers={'Report-To': '{"group":"heroku-nel","max_age":3600,"endpoints":[{"url":"https://nel.heroku.com/reports?ts=1708550336&amp;sid=c46efe9b-d3d2-4a0c-8c76-bfafa16c5add&amp;s=zZ48iQieJahxY3QwKrooklZ450XxDlKleqtf76PNP0M%3D"}]}', 'Reporting-Endpoints': 'heroku-nel=https://nel.heroku.com/reports?ts=1708550336&amp;sid=c46efe9b-d3d2-4a0c-8c76-bfafa16c5add&amp;s=zZ48iQieJahxY3QwKrooklZ450XxDlKleqtf76PNP0M%3D', 'Nel': '{"report_to":"heroku-nel","max_age":3600,"success_fraction":0.005,"failure_fraction":0.05,"response_headers":["Via"]}', 'Connection': 'keep-alive', 'Content-Type': 'text/html;charset=utf-8', 'Www-Authenticate': 'Basic realm="Restricted Area"', 'Content-Length': '15', 'X-Xss-Protection': '1; mode=block', 'X-Content-Type-Options': 'nosniff', 'X-Frame-Options': 'SAMEORIGIN', 'Server': 'WEBrick/1.6.0 (Ruby/2.7.2/2020-10-01)', 'Date': 'Wed, 21 Feb 2024 21:18:56 GMT', 'Set-Cookie': 'rack.session=BAh7CEkiD3Nlc3Npb25faWQGOgZFVEkiRTlhM2JjNTM3NTg2ODRlOTA4NDkw%0AZTZjMWNlY2Q4Nzk5MTBmNDMxNDZjOWFkNjVjMmRjY2Q5MjBlZGQyZTJjZWUG%0AOwBGSSIJY3NyZgY7AEZJIiU4N2VjODU4NjNmZTI0MjBkZjA2MzkxMTYzMzJj%0AMDQ4ZAY7AEZJIg10cmFja2luZwY7AEZ7B0kiFEhUVFBfVVNFUl9BR0VOVAY7%0AAFRJIi04NGEwMjRkMGJlMjgwOWIwZTgwMzkwOTFmODY5YzM0ZWZlN2MzMGUx%0ABjsARkkiGUhUVFBfQUNDRVBUX0xBTkdVQUdFBjsAVEkiLWRhMzlhM2VlNWU2%0AYjRiMGQzMjU1YmZlZjk1NjAxODkwYWZkODA3MDkGOwBG%0A--ce6b84fcd527b1d08d9bf506bde9ab7b723fef79; path=/; HttpOnly', 'Via': '1.1 vegur'} 
 body=None 
 </msg>
<msg time="2024-02-21T14:18:56.540045" level="INFO">${status} = &lt;Response [401]&gt;</msg>
<var>${status}</var>
<arg>https://${login}</arg>
<arg>expected_status=${StatusExpected}</arg>
<doc>Sends a HEAD request.</doc>
<status status="PASS" start="2024-02-21T14:18:55.478723" elapsed="1.061322"/>
</kw>
<kw name="Sleep" owner="BuiltIn">
<msg time="2024-02-21T14:18:58.541907" level="INFO">Slept 2 seconds.</msg>
<arg>2s</arg>
<doc>Pauses the test executed for the given time.</doc>
<status status="PASS" start="2024-02-21T14:18:56.541042" elapsed="2.000865"/>
</kw>
<arg>${username}</arg>
<arg>${password}</arg>
<arg>${StatusExpected}</arg>
<status status="PASS" start="2024-02-21T14:18:55.471742" elapsed="3.070994"/>
</kw>
<arg>${BAUsernameBAD}</arg>
<arg>${BAPasswordBAD}</arg>
<arg>401</arg>
<status status="PASS" start="2024-02-21T14:18:55.471742" elapsed="3.070994"/>
</kw>
<kw name="End Web Test" owner="Common" type="TEARDOWN">
<kw name="Close Browser" owner="SeleniumLibrary">
<doc>Closes the current browser.</doc>
<status status="PASS" start="2024-02-21T14:18:58.545821" elapsed="2.281494"/>
</kw>
<status status="PASS" start="2024-02-21T14:18:58.544825" elapsed="2.283500"/>
</kw>
<doc>This test Logs into the Basic Auth Page</doc>
<tag>1003b</tag>
<tag>BasicAuth</tag>
<tag>Functional</tag>
<status status="PASS" start="2024-02-21T14:18:52.439927" elapsed="8.389022"/>
</test>
<test id="s1-t5" name="Checkboxes Page" line="49">
<kw name="Start Web Test" owner="Common" type="SETUP">
<kw name="Open Browser" owner="SeleniumLibrary">
<msg time="2024-02-21T14:19:00.872266" level="INFO">Opening browser 'edge' to base url 'about:blank'.</msg>
<arg>about:blank</arg>
<arg>${BROWSER}</arg>
<doc>Opens a new browser instance to the optional ``url``.</doc>
<status status="PASS" start="2024-02-21T14:19:00.872266" elapsed="1.628700"/>
</kw>
<kw name="Maximize Browser Window" owner="SeleniumLibrary">
<doc>Maximizes current browser window.</doc>
<status status="PASS" start="2024-02-21T14:19:02.501964" elapsed="0.121548"/>
</kw>
<kw name="Go To" owner="SeleniumLibrary">
<msg time="2024-02-21T14:19:02.624508" level="INFO">Opening url 'https://the-internet.herokuapp.com/'</msg>
<arg>${URL}</arg>
<doc>Navigates the current browser window to the provided ``url``.</doc>
<status status="PASS" start="2024-02-21T14:19:02.623512" elapsed="1.113686"/>
</kw>
<status status="PASS" start="2024-02-21T14:19:00.872266" elapsed="2.864932"/>
</kw>
<kw name="Validate Page loaded" owner="Common">
<kw name="Wait Until Page Contains" owner="SeleniumLibrary">
<arg>${expected}</arg>
<arg>10s</arg>
<doc>Waits until ``text`` appears on the current page.</doc>
<status status="PASS" start="2024-02-21T14:19:03.738196" elapsed="0.012965"/>
</kw>
<arg>${LandingPageTitle}</arg>
<status status="PASS" start="2024-02-21T14:19:03.737198" elapsed="0.013963"/>
</kw>
<kw name="Select Test Link" owner="Herokuapp">
<kw name="Click on Element" owner="Common">
<for flavor="IN RANGE">
<iter>
<kw name="Click Element" owner="SeleniumLibrary">
<msg time="2024-02-21T14:19:03.752895" level="INFO">Clicking element 'xpath=//*[@id="content"]/ul/li[6]/a'.</msg>
<arg>${Element}</arg>
<doc>Click the element identified by ``locator``.</doc>
<status status="PASS" start="2024-02-21T14:19:03.751896" elapsed="0.176974"/>
</kw>
<var name="${i}">0</var>
<status status="PASS" start="2024-02-21T14:19:03.751896" elapsed="0.176974"/>
</iter>
<var>${i}</var>
<value>${Repetitions}</value>
<status status="PASS" start="2024-02-21T14:19:03.751896" elapsed="0.176974"/>
</for>
<arg>${TestLink}</arg>
<status status="PASS" start="2024-02-21T14:19:03.751896" elapsed="0.176974"/>
</kw>
<arg>${Checkboxes}</arg>
<status status="PASS" start="2024-02-21T14:19:03.751896" elapsed="0.176974"/>
</kw>
<kw name="Validate Page loaded" owner="Common">
<kw name="Wait Until Page Contains" owner="SeleniumLibrary">
<arg>${expected}</arg>
<arg>10s</arg>
<doc>Waits until ``text`` appears on the current page.</doc>
<status status="PASS" start="2024-02-21T14:19:03.930879" elapsed="0.009954"/>
</kw>
<arg>${CheckboxesTitle}</arg>
<status status="PASS" start="2024-02-21T14:19:03.929885" elapsed="0.011950"/>
</kw>
<kw name="Tick Checkboxes" owner="Herokuapp">
<kw name="Log" owner="BuiltIn">
<msg time="2024-02-21T14:19:03.942833" level="INFO">1</msg>
<arg>${CheckboxToTick}</arg>
<doc>Logs the given message with the given level.</doc>
<status status="PASS" start="2024-02-21T14:19:03.942833" elapsed="0.000000"/>
</kw>
<kw name="Tick box" owner="Checkboxes">
<kw name="Catenate" owner="BuiltIn">
<msg time="2024-02-21T14:19:03.943830" level="INFO">${locator} = xpath=//*[@id="checkboxes"]/input [1]</msg>
<var>${locator}</var>
<arg>${CheckboxesOnPage}</arg>
<arg>[${index}]</arg>
<doc>Catenates the given items together and returns the resulted string.</doc>
<status status="PASS" start="2024-02-21T14:19:03.942833" elapsed="0.000997"/>
</kw>
<kw name="Select Checkbox" owner="SeleniumLibrary">
<msg time="2024-02-21T14:19:03.943830" level="INFO">Selecting checkbox 'xpath=//*[@id="checkboxes"]/input [1]'.</msg>
<arg>${locator}</arg>
<doc>Selects the checkbox identified by ``locator``.</doc>
<status status="PASS" start="2024-02-21T14:19:03.943830" elapsed="0.057462"/>
</kw>
<arg>${CheckboxToTick}</arg>
<status status="PASS" start="2024-02-21T14:19:03.942833" elapsed="0.058459"/>
</kw>
<arg>1</arg>
<status status="PASS" start="2024-02-21T14:19:03.941835" elapsed="0.059457"/>
</kw>
<kw name="Validate Checkboxes Are Tick" owner="Herokuapp">
<kw name="Validate Checkboxes are Checked" owner="Checkboxes">
<kw name="Catenate" owner="BuiltIn">
<msg time="2024-02-21T14:19:04.003286" level="INFO">${locator} = xpath=//*[@id="checkboxes"]/input [1]</msg>
<var>${locator}</var>
<arg>${CheckboxesOnPage}</arg>
<arg>[${index}]</arg>
<doc>Catenates the given items together and returns the resulted string.</doc>
<status status="PASS" start="2024-02-21T14:19:04.002289" elapsed="0.000997"/>
</kw>
<kw name="Checkbox Should Be Selected" owner="SeleniumLibrary">
<msg time="2024-02-21T14:19:04.003286" level="INFO">Verifying checkbox 'xpath=//*[@id="checkboxes"]/input [1]' is selected.</msg>
<arg>${locator}</arg>
<doc>Verifies checkbox ``locator`` is selected/checked.</doc>
<status status="PASS" start="2024-02-21T14:19:04.003286" elapsed="0.020508"/>
</kw>
<arg>${index}</arg>
<status status="PASS" start="2024-02-21T14:19:04.002289" elapsed="0.021505"/>
</kw>
<arg>1</arg>
<status status="PASS" start="2024-02-21T14:19:04.002289" elapsed="0.021505"/>
</kw>
<kw name="Tick Checkboxes" owner="Herokuapp">
<kw name="Log" owner="BuiltIn">
<msg time="2024-02-21T14:19:04.024817" level="INFO">2</msg>
<arg>${CheckboxToTick}</arg>
<doc>Logs the given message with the given level.</doc>
<status status="PASS" start="2024-02-21T14:19:04.024817" elapsed="0.000000"/>
</kw>
<kw name="Tick box" owner="Checkboxes">
<kw name="Catenate" owner="BuiltIn">
<msg time="2024-02-21T14:19:04.024817" level="INFO">${locator} = xpath=//*[@id="checkboxes"]/input [2]</msg>
<var>${locator}</var>
<arg>${CheckboxesOnPage}</arg>
<arg>[${index}]</arg>
<doc>Catenates the given items together and returns the resulted string.</doc>
<status status="PASS" start="2024-02-21T14:19:04.024817" elapsed="0.000000"/>
</kw>
<kw name="Select Checkbox" owner="SeleniumLibrary">
<msg time="2024-02-21T14:19:04.025813" level="INFO">Selecting checkbox 'xpath=//*[@id="checkboxes"]/input [2]'.</msg>
<arg>${locator}</arg>
<doc>Selects the checkbox identified by ``locator``.</doc>
<status status="PASS" start="2024-02-21T14:19:04.025813" elapsed="0.020851"/>
</kw>
<arg>${CheckboxToTick}</arg>
<status status="PASS" start="2024-02-21T14:19:04.024817" elapsed="0.022845"/>
</kw>
<arg>2</arg>
<status status="PASS" start="2024-02-21T14:19:04.023794" elapsed="0.023868"/>
</kw>
<kw name="Validate Checkboxes Are Tick" owner="Herokuapp">
<kw name="Validate Checkboxes are Checked" owner="Checkboxes">
<kw name="Catenate" owner="BuiltIn">
<msg time="2024-02-21T14:19:04.048659" level="INFO">${locator} = xpath=//*[@id="checkboxes"]/input [2]</msg>
<var>${locator}</var>
<arg>${CheckboxesOnPage}</arg>
<arg>[${index}]</arg>
<doc>Catenates the given items together and returns the resulted string.</doc>
<status status="PASS" start="2024-02-21T14:19:04.047662" elapsed="0.000997"/>
</kw>
<kw name="Checkbox Should Be Selected" owner="SeleniumLibrary">
<msg time="2024-02-21T14:19:04.048659" level="INFO">Verifying checkbox 'xpath=//*[@id="checkboxes"]/input [2]' is selected.</msg>
<arg>${locator}</arg>
<doc>Verifies checkbox ``locator`` is selected/checked.</doc>
<status status="PASS" start="2024-02-21T14:19:04.048659" elapsed="0.019156"/>
</kw>
<arg>${index}</arg>
<status status="PASS" start="2024-02-21T14:19:04.047662" elapsed="0.020153"/>
</kw>
<arg>2</arg>
<status status="PASS" start="2024-02-21T14:19:04.047662" elapsed="0.020153"/>
</kw>
<kw name="End Web Test" owner="Common" type="TEARDOWN">
<kw name="Close Browser" owner="SeleniumLibrary">
<doc>Closes the current browser.</doc>
<status status="PASS" start="2024-02-21T14:19:04.067815" elapsed="2.184014"/>
</kw>
<status status="PASS" start="2024-02-21T14:19:04.067815" elapsed="2.185059"/>
</kw>
<doc>This test verifies the checkboxes</doc>
<tag>1004</tag>
<tag>Checkboxes</tag>
<tag>Functional</tag>
<status status="PASS" start="2024-02-21T14:19:00.870240" elapsed="5.384588"/>
</test>
<test id="s1-t6" name="Context Menu Page" line="60">
<kw name="Start Web Test" owner="Common" type="SETUP">
<kw name="Open Browser" owner="SeleniumLibrary">
<msg time="2024-02-21T14:19:06.316223" level="INFO">Opening browser 'edge' to base url 'about:blank'.</msg>
<arg>about:blank</arg>
<arg>${BROWSER}</arg>
<doc>Opens a new browser instance to the optional ``url``.</doc>
<status status="PASS" start="2024-02-21T14:19:06.316223" elapsed="1.576384"/>
</kw>
<kw name="Maximize Browser Window" owner="SeleniumLibrary">
<doc>Maximizes current browser window.</doc>
<status status="PASS" start="2024-02-21T14:19:07.892607" elapsed="0.124716"/>
</kw>
<kw name="Go To" owner="SeleniumLibrary">
<msg time="2024-02-21T14:19:08.018322" level="INFO">Opening url 'https://the-internet.herokuapp.com/'</msg>
<arg>${URL}</arg>
<doc>Navigates the current browser window to the provided ``url``.</doc>
<status status="PASS" start="2024-02-21T14:19:08.018322" elapsed="1.033591"/>
</kw>
<status status="PASS" start="2024-02-21T14:19:06.316223" elapsed="2.735690"/>
</kw>
<kw name="Validate Page loaded" owner="Common">
<kw name="Wait Until Page Contains" owner="SeleniumLibrary">
<arg>${expected}</arg>
<arg>10s</arg>
<doc>Waits until ``text`` appears on the current page.</doc>
<status status="PASS" start="2024-02-21T14:19:09.052909" elapsed="0.012967"/>
</kw>
<arg>${LandingPageTitle}</arg>
<status status="PASS" start="2024-02-21T14:19:09.051913" elapsed="0.013963"/>
</kw>
<kw name="Select Test Link" owner="Herokuapp">
<kw name="Click on Element" owner="Common">
<for flavor="IN RANGE">
<iter>
<kw name="Click Element" owner="SeleniumLibrary">
<msg time="2024-02-21T14:19:09.067871" level="INFO">Clicking element 'xpath=//*[@id="content"]/ul/li[7]/a'.</msg>
<arg>${Element}</arg>
<doc>Click the element identified by ``locator``.</doc>
<status status="PASS" start="2024-02-21T14:19:09.067871" elapsed="0.173273"/>
</kw>
<var name="${i}">0</var>
<status status="PASS" start="2024-02-21T14:19:09.067871" elapsed="0.173273"/>
</iter>
<var>${i}</var>
<value>${Repetitions}</value>
<status status="PASS" start="2024-02-21T14:19:09.067871" elapsed="0.173273"/>
</for>
<arg>${TestLink}</arg>
<status status="PASS" start="2024-02-21T14:19:09.067871" elapsed="0.173273"/>
</kw>
<arg>${ContextMenu}</arg>
<status status="PASS" start="2024-02-21T14:19:09.066873" elapsed="0.174271"/>
</kw>
<kw name="Validate Page loaded" owner="Common">
<kw name="Wait Until Page Contains" owner="SeleniumLibrary">
<arg>${expected}</arg>
<arg>10s</arg>
<doc>Waits until ``text`` appears on the current page.</doc>
<status status="PASS" start="2024-02-21T14:19:09.242142" elapsed="0.012963"/>
</kw>
<arg>${ContextMenuTitle}</arg>
<status status="PASS" start="2024-02-21T14:19:09.241144" elapsed="0.013961"/>
</kw>
<kw name="Right Click Context Menu" owner="Herokuapp">
<kw name="Right Click Context Menu" owner="ContextMenu">
<kw name="Sleep" owner="BuiltIn">
<msg time="2024-02-21T14:19:10.256505" level="INFO">Slept 1 second.</msg>
<arg>1s</arg>
<doc>Pauses the test executed for the given time.</doc>
<status status="PASS" start="2024-02-21T14:19:09.256103" elapsed="1.000402"/>
</kw>
<kw name="Open Context Menu" owner="SeleniumLibrary">
<arg>${ContextMenuArea}</arg>
<doc>Opens the context menu on the element identified by ``locator``.</doc>
<status status="PASS" start="2024-02-21T14:19:10.257556" elapsed="0.305545"/>
</kw>
<kw name="Sleep" owner="BuiltIn">
<msg time="2024-02-21T14:19:11.063459" level="INFO">Slept 500 milliseconds.</msg>
<arg>0.5s</arg>
<doc>Pauses the test executed for the given time.</doc>
<status status="PASS" start="2024-02-21T14:19:10.563101" elapsed="0.500358"/>
</kw>
<status status="PASS" start="2024-02-21T14:19:09.256103" elapsed="1.807356"/>
</kw>
<status status="PASS" start="2024-02-21T14:19:09.256103" elapsed="1.807356"/>
</kw>
<kw name="Validate Context Menu Alert" owner="Herokuapp">
<kw name="Validate Alert" owner="ContextMenu">
<kw name="Alert Should Be Present" owner="SeleniumLibrary">
<msg time="2024-02-21T14:19:11.065460" level="INFO">HANDLE::&lt;class 'NoneType'&gt;::None</msg>
<arg>${ContextMenuAlertText}</arg>
<doc>Verifies that an alert is present and by default, accepts it.</doc>
<status status="PASS" start="2024-02-21T14:19:11.065460" elapsed="0.010577"/>
</kw>
<status status="PASS" start="2024-02-21T14:19:11.064463" elapsed="0.011574"/>
</kw>
<status status="PASS" start="2024-02-21T14:19:11.064463" elapsed="0.011574"/>
</kw>
<kw name="Validate Context Menu Alert Dismiss" owner="Herokuapp">
<kw name="Verify Alert is Gone" owner="ContextMenu">
<kw name="Alert Should Not Be Present" owner="SeleniumLibrary">
<doc>Verifies that no alert is present.</doc>
<status status="PASS" start="2024-02-21T14:19:11.077037" elapsed="5.059659"/>
</kw>
<status status="PASS" start="2024-02-21T14:19:11.077037" elapsed="5.059659"/>
</kw>
<status status="PASS" start="2024-02-21T14:19:11.077037" elapsed="5.060670"/>
</kw>
<kw name="End Web Test" owner="Common" type="TEARDOWN">
<kw name="Close Browser" owner="SeleniumLibrary">
<doc>Closes the current browser.</doc>
<status status="PASS" start="2024-02-21T14:19:16.140427" elapsed="2.269984"/>
</kw>
<status status="PASS" start="2024-02-21T14:19:16.139431" elapsed="2.270980"/>
</kw>
<doc>This test verifies the context menu</doc>
<tag>1005</tag>
<tag>ContextMenu</tag>
<tag>Functional</tag>
<status status="PASS" start="2024-02-21T14:19:06.314228" elapsed="12.096990"/>
</test>
<test id="s1-t7" name="Dissaapearing Elements Page" line="70">
<kw name="Start Web Test" owner="Common" type="SETUP">
<kw name="Open Browser" owner="SeleniumLibrary">
<msg time="2024-02-21T14:19:18.451384" level="INFO">Opening browser 'edge' to base url 'about:blank'.</msg>
<arg>about:blank</arg>
<arg>${BROWSER}</arg>
<doc>Opens a new browser instance to the optional ``url``.</doc>
[...]
<arg>${Element}</arg>
<doc>Click the element identified by ``locator``.</doc>
<status status="PASS" start="2024-02-21T14:22:10.056617" elapsed="0.194983"/>
</kw>
<var name="${i}">0</var>
<status status="PASS" start="2024-02-21T14:22:10.055587" elapsed="0.196013"/>
</iter>
<var>${i}</var>
<value>${Repetitions}</value>
<status status="PASS" start="2024-02-21T14:22:10.055587" elapsed="0.196013"/>
</for>
<arg>${TestLink}</arg>
<status status="PASS" start="2024-02-21T14:22:10.055587" elapsed="0.196013"/>
</kw>
<arg>${JavascriptAlerts}</arg>
<status status="PASS" start="2024-02-21T14:22:10.055587" elapsed="0.196013"/>
</kw>
<kw name="Validate Page loaded" owner="Common">
<kw name="Wait Until Page Contains" owner="SeleniumLibrary">
<arg>${expected}</arg>
<arg>10s</arg>
<doc>Waits until ``text`` appears on the current page.</doc>
<status status="PASS" start="2024-02-21T14:22:10.252598" elapsed="0.009973"/>
</kw>
<arg>${JavascriptAlertsTitle}</arg>
<status status="PASS" start="2024-02-21T14:22:10.251600" elapsed="0.010971"/>
</kw>
<kw name="Validate Javascript Alerts" owner="Herokuapp">
<kw name="Simple Alert" owner="JavascriptAlerts">
<kw name="Click Element" owner="SeleniumLibrary">
<msg time="2024-02-21T14:22:10.263597" level="INFO">Clicking element 'xpath=//*[@id="content"]/div/ul/li[1]/button'.</msg>
<arg>${SimpleAlertButton}</arg>
<doc>Click the element identified by ``locator``.</doc>
<status status="PASS" start="2024-02-21T14:22:10.263597" elapsed="0.043157"/>
</kw>
<kw name="Sleep" owner="BuiltIn">
<msg time="2024-02-21T14:22:11.308239" level="INFO">Slept 1 second.</msg>
<arg>1s</arg>
<doc>Pauses the test executed for the given time.</doc>
<status status="PASS" start="2024-02-21T14:22:10.307753" elapsed="1.000486"/>
</kw>
<kw name="Handle Alert" owner="SeleniumLibrary">
<msg time="2024-02-21T14:22:11.309285" level="INFO">HANDLE::&lt;class 'NoneType'&gt;::None</msg>
<doc>Handles the current alert and returns its message.</doc>
<status status="PASS" start="2024-02-21T14:22:11.309285" elapsed="0.010930"/>
</kw>
<kw name="Alert Should Not Be Present" owner="SeleniumLibrary">
<doc>Verifies that no alert is present.</doc>
<status status="PASS" start="2024-02-21T14:22:11.320215" elapsed="5.049959"/>
</kw>
<status status="PASS" start="2024-02-21T14:22:10.263597" elapsed="6.106577"/>
</kw>
<kw name="Confirm Alert" owner="JavascriptAlerts">
<kw name="Click Element" owner="SeleniumLibrary">
<msg time="2024-02-21T14:22:16.373219" level="INFO">Clicking element 'xpath=//*[@id="content"]/div/ul/li[2]/button'.</msg>
<arg>${ConfirmAlertButton}</arg>
<doc>Click the element identified by ``locator``.</doc>
<status status="PASS" start="2024-02-21T14:22:16.372222" elapsed="0.044386"/>
</kw>
<kw name="Sleep" owner="BuiltIn">
<msg time="2024-02-21T14:22:17.417032" level="INFO">Slept 1 second.</msg>
<arg>1s</arg>
<doc>Pauses the test executed for the given time.</doc>
<status status="PASS" start="2024-02-21T14:22:16.416608" elapsed="1.000424"/>
</kw>
<kw name="Handle Alert" owner="SeleniumLibrary">
<msg time="2024-02-21T14:22:17.419073" level="INFO">HANDLE::&lt;class 'NoneType'&gt;::None</msg>
<arg>${Option}</arg>
<doc>Handles the current alert and returns its message.</doc>
<status status="PASS" start="2024-02-21T14:22:17.418041" elapsed="0.015422"/>
</kw>
<kw name="Alert Should Not Be Present" owner="SeleniumLibrary">
<doc>Verifies that no alert is present.</doc>
<status status="PASS" start="2024-02-21T14:22:17.434465" elapsed="5.031931"/>
</kw>
<arg>DISMISS</arg>
<status status="PASS" start="2024-02-21T14:22:16.371227" elapsed="6.095169"/>
</kw>
<kw name="Prompt Alert" owner="JavascriptAlerts">
<kw name="Click Element" owner="SeleniumLibrary">
<msg time="2024-02-21T14:22:22.467430" level="INFO">Clicking element 'xpath=//*[@id="content"]/div/ul/li[3]/button'.</msg>
<arg>${PromptAlertButton}</arg>
<doc>Click the element identified by ``locator``.</doc>
<status status="PASS" start="2024-02-21T14:22:22.467430" elapsed="0.052908"/>
</kw>
<kw name="Sleep" owner="BuiltIn">
<msg time="2024-02-21T14:22:23.521783" level="INFO">Slept 1 second.</msg>
<arg>1s</arg>
<doc>Pauses the test executed for the given time.</doc>
<status status="PASS" start="2024-02-21T14:22:22.521362" elapsed="1.000421"/>
</kw>
<kw name="Input Text Into Alert" owner="SeleniumLibrary">
<arg>${AlertText}</arg>
<arg>${Option}</arg>
<doc>Types the given ``text`` into an input field in an alert.</doc>
<status status="PASS" start="2024-02-21T14:22:23.522828" elapsed="0.020322"/>
</kw>
<kw name="Alert Should Not Be Present" owner="SeleniumLibrary">
<doc>Verifies that no alert is present.</doc>
<status status="PASS" start="2024-02-21T14:22:23.543150" elapsed="5.041456"/>
</kw>
<arg>${JSAlertText}</arg>
<arg>ACCEPT</arg>
<status status="PASS" start="2024-02-21T14:22:22.466396" elapsed="6.118210"/>
</kw>
<status status="PASS" start="2024-02-21T14:22:10.263597" elapsed="18.321819"/>
</kw>
<kw name="End Web Test" owner="Common" type="TEARDOWN">
<kw name="Close Browser" owner="SeleniumLibrary">
<doc>Closes the current browser.</doc>
<status status="PASS" start="2024-02-21T14:22:28.588679" elapsed="2.230319"/>
</kw>
<status status="PASS" start="2024-02-21T14:22:28.587677" elapsed="2.232365"/>
</kw>
<doc>This test verifies the Javascript Alerts</doc>
<tag>1017</tag>
<tag>Functional</tag>
<tag>JavascriptAlerts</tag>
<status status="PASS" start="2024-02-21T14:22:07.226742" elapsed="23.594305"/>
</test>
<test id="s1-t19" name="Key Press" line="179">
<kw name="Start Web Test" owner="Common" type="SETUP">
<kw name="Open Browser" owner="SeleniumLibrary">
<msg time="2024-02-21T14:22:30.844955" level="INFO">Opening browser 'edge' to base url 'about:blank'.</msg>
<arg>about:blank</arg>
<arg>${BROWSER}</arg>
<doc>Opens a new browser instance to the optional ``url``.</doc>
<status status="PASS" start="2024-02-21T14:22:30.843959" elapsed="1.585104"/>
</kw>
<kw name="Maximize Browser Window" owner="SeleniumLibrary">
<doc>Maximizes current browser window.</doc>
<status status="PASS" start="2024-02-21T14:22:32.429063" elapsed="0.116688"/>
</kw>
<kw name="Go To" owner="SeleniumLibrary">
<msg time="2024-02-21T14:22:32.546750" level="INFO">Opening url 'https://the-internet.herokuapp.com/'</msg>
<arg>${URL}</arg>
<doc>Navigates the current browser window to the provided ``url``.</doc>
<status status="PASS" start="2024-02-21T14:22:32.545751" elapsed="1.221231"/>
</kw>
<status status="PASS" start="2024-02-21T14:22:30.842961" elapsed="2.924021"/>
</kw>
<kw name="Validate Page loaded" owner="Common">
<kw name="Wait Until Page Contains" owner="SeleniumLibrary">
<arg>${expected}</arg>
<arg>10s</arg>
<doc>Waits until ``text`` appears on the current page.</doc>
<status status="PASS" start="2024-02-21T14:22:33.767978" elapsed="0.010971"/>
</kw>
<arg>${LandingPageTitle}</arg>
<status status="PASS" start="2024-02-21T14:22:33.766982" elapsed="0.011967"/>
</kw>
<kw name="Select Test Link" owner="Herokuapp">
<kw name="Click on Element" owner="Common">
<for flavor="IN RANGE">
<iter>
<kw name="Click Element" owner="SeleniumLibrary">
<msg time="2024-02-21T14:22:33.781193" level="INFO">Clicking element 'xpath=//*[@id="content"]/ul/li[31]/a'.</msg>
<arg>${Element}</arg>
<doc>Click the element identified by ``locator``.</doc>
<status status="PASS" start="2024-02-21T14:22:33.781193" elapsed="0.163513"/>
</kw>
<var name="${i}">0</var>
<status status="PASS" start="2024-02-21T14:22:33.780168" elapsed="0.164538"/>
</iter>
<var>${i}</var>
<value>${Repetitions}</value>
<status status="PASS" start="2024-02-21T14:22:33.780168" elapsed="0.164538"/>
</for>
<arg>${TestLink}</arg>
<status status="PASS" start="2024-02-21T14:22:33.780168" elapsed="0.164538"/>
</kw>
<arg>${KeyPresses}</arg>
<status status="PASS" start="2024-02-21T14:22:33.780168" elapsed="0.165536"/>
</kw>
<kw name="Validate Page loaded" owner="Common">
<kw name="Wait Until Page Contains" owner="SeleniumLibrary">
<arg>${expected}</arg>
<arg>10s</arg>
<doc>Waits until ``text`` appears on the current page.</doc>
<status status="PASS" start="2024-02-21T14:22:33.946701" elapsed="0.011969"/>
</kw>
<arg>${KeyPressesTitle}</arg>
<status status="PASS" start="2024-02-21T14:22:33.945704" elapsed="0.012966"/>
</kw>
<kw name="Press Key" owner="Herokuapp">
<kw name="Press Key on Element" owner="PressKeys">
<kw name="Press Keys" owner="SeleniumLibrary">
<msg time="2024-02-21T14:22:33.959692" level="INFO">Sending key(s) ('SPACE',) to xpath=//*[@id="target"] element.</msg>
<msg time="2024-02-21T14:22:34.268120" level="INFO">Pressing special key SPACE to element.</msg>
<msg time="2024-02-21T14:22:34.268120" level="INFO">Releasing special key SPACE.</msg>
<arg>${element}</arg>
<arg>${key}</arg>
<doc>Simulates the user pressing key(s) to an element or on the active browser.</doc>
<status status="PASS" start="2024-02-21T14:22:33.959692" elapsed="0.320397"/>
</kw>
<arg>${KeyPress}</arg>
<arg>${KeyPressesInput}</arg>
<status status="PASS" start="2024-02-21T14:22:33.959692" elapsed="0.320397"/>
</kw>
<arg>SPACE</arg>
<status status="PASS" start="2024-02-21T14:22:33.958670" elapsed="0.322414"/>
</kw>
<kw name="Validate Key Presses" owner="Herokuapp">
<kw name="Validate Key Pressed" owner="PressKeys">
<kw name="Get Text" owner="SeleniumLibrary">
<msg time="2024-02-21T14:22:34.303821" level="INFO">${text} = You entered: SPACE</msg>
<var>${text}</var>
<arg>${Output}</arg>
<doc>Returns the text value of the element identified by ``locator``.</doc>
<status status="PASS" start="2024-02-21T14:22:34.282084" elapsed="0.021737"/>
</kw>
<kw name="Run Keyword And Continue On Failure" owner="BuiltIn">
<kw name="Should Be Equal" owner="BuiltIn">
<arg>${text}</arg>
<arg>You entered: ${key}</arg>
<doc>Fails if the given objects are unequal.</doc>
<status status="PASS" start="2024-02-21T14:22:34.303821" elapsed="0.001000"/>
</kw>
<arg>Should Be Equal</arg>
<arg>${text}</arg>
<arg>You entered: ${key}</arg>
<doc>Runs the keyword and continues execution even if a failure occurs.</doc>
<status status="PASS" start="2024-02-21T14:22:34.303821" elapsed="0.001000"/>
</kw>
<arg>${KeyOutput}</arg>
<arg>${KeyPressed}</arg>
<status status="PASS" start="2024-02-21T14:22:34.282084" elapsed="0.022737"/>
</kw>
<arg>SPACE</arg>
<status status="PASS" start="2024-02-21T14:22:34.281084" elapsed="0.023737"/>
</kw>
<kw name="Press Key" owner="Herokuapp">
<kw name="Press Key on Element" owner="PressKeys">
<kw name="Press Keys" owner="SeleniumLibrary">
<msg time="2024-02-21T14:22:34.305818" level="INFO">Sending key(s) ('ESCAPE',) to xpath=//*[@id="target"] element.</msg>
<msg time="2024-02-21T14:22:34.593367" level="INFO">Pressing special key ESCAPE to element.</msg>
<msg time="2024-02-21T14:22:34.593367" level="INFO">Releasing special key ESCAPE.</msg>
<arg>${element}</arg>
<arg>${key}</arg>
<doc>Simulates the user pressing key(s) to an element or on the active browser.</doc>
<status status="PASS" start="2024-02-21T14:22:34.305818" elapsed="0.294140"/>
</kw>
<arg>${KeyPress}</arg>
<arg>${KeyPressesInput}</arg>
<status status="PASS" start="2024-02-21T14:22:34.304821" elapsed="0.295137"/>
</kw>
<arg>ESCAPE</arg>
<status status="PASS" start="2024-02-21T14:22:34.304821" elapsed="0.295137"/>
</kw>
<kw name="Validate Key Presses" owner="Herokuapp">
<kw name="Validate Key Pressed" owner="PressKeys">
<kw name="Get Text" owner="SeleniumLibrary">
<msg time="2024-02-21T14:22:34.612424" level="INFO">${text} = You entered: ESCAPE</msg>
<var>${text}</var>
<arg>${Output}</arg>
<doc>Returns the text value of the element identified by ``locator``.</doc>
<status status="PASS" start="2024-02-21T14:22:34.600991" elapsed="0.011433"/>
</kw>
<kw name="Run Keyword And Continue On Failure" owner="BuiltIn">
<kw name="Should Be Equal" owner="BuiltIn">
<arg>${text}</arg>
<arg>You entered: ${key}</arg>
<doc>Fails if the given objects are unequal.</doc>
<status status="PASS" start="2024-02-21T14:22:34.613449" elapsed="0.000000"/>
</kw>
<arg>Should Be Equal</arg>
<arg>${text}</arg>
<arg>You entered: ${key}</arg>
<doc>Runs the keyword and continues execution even if a failure occurs.</doc>
<status status="PASS" start="2024-02-21T14:22:34.612424" elapsed="0.001025"/>
</kw>
<arg>${KeyOutput}</arg>
<arg>${KeyPressed}</arg>
<status status="PASS" start="2024-02-21T14:22:34.600991" elapsed="0.012458"/>
</kw>
<arg>ESCAPE</arg>
<status status="PASS" start="2024-02-21T14:22:34.599958" elapsed="0.013491"/>
</kw>
<kw name="End Web Test" owner="Common" type="TEARDOWN">
<kw name="Close Browser" owner="SeleniumLibrary">
<doc>Closes the current browser.</doc>
<status status="PASS" start="2024-02-21T14:22:34.614445" elapsed="2.214597"/>
</kw>
<status status="PASS" start="2024-02-21T14:22:34.613449" elapsed="2.215593"/>
</kw>
<doc>This test verifies the Key Presses</doc>
<tag>1018</tag>
<tag>Functional</tag>
<tag>KeyPress</tag>
<status status="PASS" start="2024-02-21T14:22:30.835982" elapsed="5.995055"/>
</test>
<test id="s1-t20" name="Multiple Windows" line="190">
<kw name="Start Web Test" owner="Common" type="SETUP">
<kw name="Open Browser" owner="SeleniumLibrary">
<msg time="2024-02-21T14:22:36.855966" level="INFO">Opening browser 'edge' to base url 'about:blank'.</msg>
<arg>about:blank</arg>
<arg>${BROWSER}</arg>
<doc>Opens a new browser instance to the optional ``url``.</doc>
<status status="PASS" start="2024-02-21T14:22:36.854968" elapsed="1.569559"/>
</kw>
<kw name="Maximize Browser Window" owner="SeleniumLibrary">
<doc>Maximizes current browser window.</doc>
<status status="PASS" start="2024-02-21T14:22:38.424527" elapsed="0.120628"/>
</kw>
<kw name="Go To" owner="SeleniumLibrary">
<msg time="2024-02-21T14:22:38.547152" level="INFO">Opening url 'https://the-internet.herokuapp.com/'</msg>
<arg>${URL}</arg>
<doc>Navigates the current browser window to the provided ``url``.</doc>
<status status="PASS" start="2024-02-21T14:22:38.546152" elapsed="1.051200"/>
</kw>
<status status="PASS" start="2024-02-21T14:22:36.853978" elapsed="2.743374"/>
</kw>
<kw name="Validate Page loaded" owner="Common">
<kw name="Wait Until Page Contains" owner="SeleniumLibrary">
<arg>${expected}</arg>
<arg>10s</arg>
<doc>Waits until ``text`` appears on the current page.</doc>
<status status="PASS" start="2024-02-21T14:22:39.598348" elapsed="0.012966"/>
</kw>
<arg>${LandingPageTitle}</arg>
<status status="PASS" start="2024-02-21T14:22:39.598348" elapsed="0.012966"/>
</kw>
<kw name="Select Test Link" owner="Herokuapp">
<kw name="Click on Element" owner="Common">
<for flavor="IN RANGE">
<iter>
<kw name="Click Element" owner="SeleniumLibrary">
<msg time="2024-02-21T14:22:39.613258" level="INFO">Clicking element 'xpath=//*[@id="content"]/ul/li[33]/a'.</msg>
<arg>${Element}</arg>
<doc>Click the element identified by ``locator``.</doc>
<status status="PASS" start="2024-02-21T14:22:39.613258" elapsed="0.181882"/>
</kw>
<var name="${i}">0</var>
<status status="PASS" start="2024-02-21T14:22:39.612259" elapsed="0.182881"/>
</iter>
<var>${i}</var>
<value>${Repetitions}</value>
<status status="PASS" start="2024-02-21T14:22:39.612259" elapsed="0.183879"/>
</for>
<arg>${TestLink}</arg>
<status status="PASS" start="2024-02-21T14:22:39.612259" elapsed="0.183879"/>
</kw>
<arg>${MultipleWindows}</arg>
<status status="PASS" start="2024-02-21T14:22:39.612259" elapsed="0.183879"/>
</kw>
<kw name="Validate Page loaded" owner="Common">
<kw name="Wait Until Page Contains" owner="SeleniumLibrary">
<arg>${expected}</arg>
<arg>10s</arg>
<doc>Waits until ``text`` appears on the current page.</doc>
<status status="PASS" start="2024-02-21T14:22:39.797139" elapsed="0.010173"/>
</kw>
<arg>${MultipleWindowsTitle}</arg>
<status status="PASS" start="2024-02-21T14:22:39.796138" elapsed="0.012174"/>
</kw>
<kw name="Open New Window" owner="Herokuapp">
<kw name="Click on Link For New Window" owner="MultipleWindows">
<kw name="Click Link" owner="SeleniumLibrary">
<msg time="2024-02-21T14:22:39.809310" level="INFO">Clicking link 'xpath=//*[@id="content"]/div/a'.</msg>
<arg>${NewWindowLink}</arg>
<doc>Clicks a link identified by ``locator``.</doc>
<status status="PASS" start="2024-02-21T14:22:39.809310" elapsed="0.067805"/>
</kw>
<kw name="Switch Window" owner="SeleniumLibrary">
<arg>NEW</arg>
<doc>Switches to browser window matching ``locator``.</doc>
<status status="PASS" start="2024-02-21T14:22:39.877115" elapsed="0.011008"/>
</kw>
<status status="PASS" start="2024-02-21T14:22:39.808312" elapsed="0.080802"/>
</kw>
<status status="PASS" start="2024-02-21T14:22:39.808312" elapsed="0.080802"/>
</kw>
<kw name="Validate Page loaded" owner="Common">
<kw name="Wait Until Page Contains" owner="SeleniumLibrary">
<arg>${expected}</arg>
<arg>10s</arg>
<doc>Waits until ``text`` appears on the current page.</doc>
<status status="PASS" start="2024-02-21T14:22:39.889114" elapsed="0.088534"/>
</kw>
<arg>${NewWindowTitle}</arg>
<status status="PASS" start="2024-02-21T14:22:39.889114" elapsed="0.088534"/>
</kw>
<kw name="End Web Test" owner="Common" type="TEARDOWN">
<kw name="Close Browser" owner="SeleniumLibrary">
<doc>Closes the current browser.</doc>
<status status="PASS" start="2024-02-21T14:22:39.978644" elapsed="2.270816"/>
</kw>
<status status="PASS" start="2024-02-21T14:22:39.978644" elapsed="2.271776"/>
</kw>
<doc>This test verifies the Multiple Windows</doc>
<tag>1019</tag>
<tag>Functional</tag>
<tag>MultipleWindows</tag>
<status status="PASS" start="2024-02-21T14:22:36.847005" elapsed="5.404417"/>
</test>
<doc>This is a test suite for the Herokuapp</doc>
<status status="PASS" start="2024-02-21T14:18:23.439025" elapsed="258.828388"/>
</suite>
<statistics>
<total>
<stat pass="20" fail="0" skip="0">All Tests</stat>
</total>
<tag>
<stat pass="1" fail="0" skip="0">1001</stat>
<stat pass="1" fail="0" skip="0">1002</stat>
<stat pass="1" fail="0" skip="0">1003a</stat>
<stat pass="1" fail="0" skip="0">1003b</stat>
<stat pass="1" fail="0" skip="0">1004</stat>
<stat pass="1" fail="0" skip="0">1005</stat>
<stat pass="1" fail="0" skip="0">1006</stat>
<stat pass="1" fail="0" skip="0">1007</stat>
<stat pass="1" fail="0" skip="0">1008</stat>
<stat pass="1" fail="0" skip="0">1009</stat>
<stat pass="1" fail="0" skip="0">1010</stat>
<stat pass="1" fail="0" skip="0">1011</stat>
<stat pass="1" fail="0" skip="0">1012</stat>
<stat pass="1" fail="0" skip="0">1013</stat>
<stat pass="1" fail="0" skip="0">1014</stat>
<stat pass="1" fail="0" skip="0">1015</stat>
<stat pass="1" fail="0" skip="0">1016</stat>
<stat pass="1" fail="0" skip="0">1017</stat>
<stat pass="1" fail="0" skip="0">1018</stat>
<stat pass="1" fail="0" skip="0">1019</stat>
<stat pass="1" fail="0" skip="0">AddRemove</stat>
<stat pass="2" fail="0" skip="0">BasicAuth</stat>
<stat pass="1" fail="0" skip="0">BrokenImages</stat>
<stat pass="1" fail="0" skip="0">Checkboxes</stat>
<stat pass="1" fail="0" skip="0">ContextMenu</stat>
<stat pass="1" fail="0" skip="0">DisappearingElements</stat>
<stat pass="1" fail="0" skip="0">DragAndDrop</stat>
<stat pass="1" fail="0" skip="0">DynamicContent</stat>
<stat pass="1" fail="0" skip="0">DynamicControls</stat>
<stat pass="1" fail="0" skip="0">ExitIntent</stat>
<stat pass="1" fail="0" skip="0">FileDownload</stat>
<stat pass="1" fail="0" skip="0">FileUpload</stat>
<stat pass="1" fail="0" skip="0">FloatingMenu</stat>
<stat pass="1" fail="0" skip="0">FormAuthentication</stat>
<stat pass="20" fail="0" skip="0">Functional</stat>
<stat pass="1" fail="0" skip="0">HorizontalSlider</stat>
<stat pass="1" fail="0" skip="0">JavascriptAlerts</stat>
<stat pass="1" fail="0" skip="0">JQueryUIMenus</stat>
<stat pass="1" fail="0" skip="0">KeyPress</stat>
<stat pass="1" fail="0" skip="0">MultipleWindows</stat>
</tag>
<suite>
<stat pass="20" fail="0" skip="0" id="s1" name="Heroku">Heroku</stat>
</suite>
</statistics>
<errors>
<msg time="2024-02-21T14:20:31.540629" level="WARN">Open Browser is for quick experimentation and debugging only. Use New Page for production.</msg>
</errors>
</robot>
