<?xml version="1.0" encoding="UTF-8"?>
<robot generator="Robot 7.0 (Python 3.12.2 on win32)" generated="2024-02-19T15:31:11.049658" rpa="false" schemaversion="5">
<suite id="s1" name="Heroku" source="C:\dev\robot-scripts\herokuapp\Tests\Heroku.robot">
<test id="s1-t1" name="File Upload" line="121">
<kw name="Start Web Test" owner="Common" type="SETUP">
<kw name="Open Browser" owner="SeleniumLibrary">
<msg time="2024-02-19T15:31:11.497606" level="INFO">Opening browser 'chrome' to base url 'about:blank'.</msg>
<arg>about:blank</arg>
<arg>${BROWSER}</arg>
<doc>Opens a new browser instance to the optional ``url``.</doc>
<status status="PASS" start="2024-02-19T15:31:11.496613" elapsed="1.686832"/>
</kw>
<kw name="Maximize Browser Window" owner="SeleniumLibrary">
<doc>Maximizes current browser window.</doc>
<status status="PASS" start="2024-02-19T15:31:13.183445" elapsed="0.117876"/>
</kw>
<kw name="Go To" owner="SeleniumLibrary">
<msg time="2024-02-19T15:31:13.302317" level="INFO">Opening url 'https://the-internet.herokuapp.com/'</msg>
<arg>${URL}</arg>
<doc>Navigates the current browser window to the provided ``url``.</doc>
<status status="PASS" start="2024-02-19T15:31:13.301321" elapsed="1.192528"/>
</kw>
<status status="PASS" start="2024-02-19T15:31:11.496613" elapsed="2.997236"/>
</kw>
<kw name="Verify Landing Page" owner="Herokuapp">
<kw name="Landing Page loaded" owner="Landing">
<kw name="Wait Until Page Contains" owner="SeleniumLibrary">
<arg>${LandingPageTitle}</arg>
<doc>Waits until ``text`` appears on the current page.</doc>
<status status="PASS" start="2024-02-19T15:31:14.494846" elapsed="0.013963"/>
</kw>
<status status="PASS" start="2024-02-19T15:31:14.494846" elapsed="0.013963"/>
</kw>
<status status="PASS" start="2024-02-19T15:31:14.493849" elapsed="0.014960"/>
</kw>
<kw name="Select Test Link" owner="Herokuapp">
<kw name="Select Test Link" owner="Landing">
<kw name="Click Element" owner="SeleniumLibrary">
<msg time="2024-02-19T15:31:14.509836" level="INFO">Clicking element 'xpath=//*[@id="content"]/ul/li[18]/a'.</msg>
<arg>${TestLink}</arg>
<doc>Click the element identified by ``locator``.</doc>
<status status="PASS" start="2024-02-19T15:31:14.509836" elapsed="0.317289"/>
</kw>
<arg>${TestLink}</arg>
<status status="PASS" start="2024-02-19T15:31:14.509836" elapsed="0.317289"/>
</kw>
<arg>${FileUpload}</arg>
<status status="PASS" start="2024-02-19T15:31:14.508809" elapsed="0.319347"/>
</kw>
<kw name="Verify File Upload Page" owner="Herokuapp">
<kw name="File Upload Page loaded" owner="FileUpload">
<kw name="Wait Until Page Contains" owner="SeleniumLibrary">
<arg>${FileUploadTitle}</arg>
<doc>Waits until ``text`` appears on the current page.</doc>
<status status="PASS" start="2024-02-19T15:31:14.829154" elapsed="0.014923"/>
</kw>
<status status="PASS" start="2024-02-19T15:31:14.829154" elapsed="0.014923"/>
</kw>
<status status="PASS" start="2024-02-19T15:31:14.828156" elapsed="0.015921"/>
</kw>
<kw name="Upload File" owner="Herokuapp">
<kw name="Upload File" owner="FileUpload">
<kw name="Create File" owner="OperatingSystem">
<msg time="2024-02-19T15:31:14.847070" level="INFO" html="true">Created file '&lt;a href="file://C:\Users\degarcia\Downloads\test.txt"&gt;C:\Users\degarcia\Downloads\test.txt&lt;/a&gt;'.</msg>
<arg>${FilePath}</arg>
<arg>testing</arg>
<doc>Creates a file with the given content and encoding.</doc>
<status status="PASS" start="2024-02-19T15:31:14.846102" elapsed="0.000968"/>
</kw>
<kw name="Sleep" owner="BuiltIn">
<msg time="2024-02-19T15:31:16.849040" level="INFO">Slept 2 seconds.</msg>
<arg>2s</arg>
<doc>Pauses the test executed for the given time.</doc>
<status status="PASS" start="2024-02-19T15:31:14.847070" elapsed="2.001970"/>
</kw>
<kw name="Choose File" owner="SeleniumLibrary">
<msg time="2024-02-19T15:31:16.849040" level="INFO">Sending C:\Users\degarcia\Downloads\test.txt to browser.</msg>
<arg>${FileUploadInput}</arg>
<arg>${FilePath}</arg>
<doc>Inputs the ``file_path`` into the file input field ``locator``.</doc>
<status status="PASS" start="2024-02-19T15:31:16.849040" elapsed="0.030917"/>
</kw>
<kw name="Sleep" owner="BuiltIn">
<msg time="2024-02-19T15:31:21.881635" level="INFO">Slept 5 seconds.</msg>
<arg>5s</arg>
<doc>Pauses the test executed for the given time.</doc>
<status status="PASS" start="2024-02-19T15:31:16.879957" elapsed="5.001678"/>
</kw>
<kw name="Click Button" owner="SeleniumLibrary">
<msg time="2024-02-19T15:31:21.882671" level="INFO">Clicking button 'xpath=//*[@id="file-submit"]'.</msg>
<arg>${FileUploadButton}</arg>
<doc>Clicks the button identified by ``locator``.</doc>
<status status="PASS" start="2024-02-19T15:31:21.882671" elapsed="0.174425"/>
</kw>
<kw name="Sleep" owner="BuiltIn">
<msg time="2024-02-19T15:31:27.057225" level="INFO">Slept 5 seconds.</msg>
<arg>5s</arg>
<doc>Pauses the test executed for the given time.</doc>
<status status="PASS" start="2024-02-19T15:31:22.057096" elapsed="5.000129"/>
</kw>
<kw name="Remove File" owner="OperatingSystem">
<msg time="2024-02-19T15:31:27.060227" level="INFO" html="true">Removed file '&lt;a href="file://C:\Users\degarcia\Downloads\test.txt"&gt;C:\Users\degarcia\Downloads\test.txt&lt;/a&gt;'.</msg>
<arg>${FilePath}</arg>
<doc>Removes a file with the given path.</doc>
<status status="PASS" start="2024-02-19T15:31:27.058274" elapsed="0.001953"/>
</kw>
<kw name="Wait Until Page Contains" owner="SeleniumLibrary">
<arg>${FileUploadedTitle}</arg>
<doc>Waits until ``text`` appears on the current page.</doc>
<status status="PASS" start="2024-02-19T15:31:27.061265" elapsed="0.041188"/>
</kw>
<arg>${FilePath}</arg>
<status status="PASS" start="2024-02-19T15:31:14.845109" elapsed="12.257344"/>
</kw>
<arg>${FileUploadPath}</arg>
<status status="PASS" start="2024-02-19T15:31:14.845109" elapsed="12.258383"/>
</kw>
<kw name="End Web Test" owner="Common" type="TEARDOWN">
<kw name="Close Browser" owner="SeleniumLibrary">
<doc>Closes the current browser.</doc>
<status status="PASS" start="2024-02-19T15:31:27.104485" elapsed="2.181248"/>
</kw>
<status status="PASS" start="2024-02-19T15:31:27.104485" elapsed="2.182255"/>
</kw>
<doc>This test verifies the file upload</doc>
<tag>1012</tag>
<tag>FileUpload</tag>
<tag>Functional</tag>
<status status="PASS" start="2024-02-19T15:31:11.495583" elapsed="17.792212"/>
</test>
<doc>This is a test suite for the Herokuapp</doc>
<status status="PASS" start="2024-02-19T15:31:11.051655" elapsed="18.240784"/>
</suite>
<statistics>
<total>
<stat pass="1" fail="0" skip="0">All Tests</stat>
</total>
<tag>
<stat pass="1" fail="0" skip="0">1012</stat>
<stat pass="1" fail="0" skip="0">FileUpload</stat>
<stat pass="1" fail="0" skip="0">Functional</stat>
</tag>
<suite>
<stat pass="1" fail="0" skip="0" id="s1" name="Heroku">Heroku</stat>
</suite>
</statistics>
<errors>
</errors>
</robot>
